{"logTime": "0526/122848", "correlationVector":"wWB4uW/XmFMx4owSQEWNzK.30","action":"GetUpdates", "result":"DeleteReceived", "context":{"id":"c0cd2131-a5c1-40de-b660-8dab53b6cc7f", "isDeleted:":"true", "version":"1681917825471"}}
{"logTime": "0526/122848", "correlationVector":"wWB4uW/XmFMx4owSQEWNzK.31","action":"GetUpdates", "result":"DeleteReceived", "context":{"id":"20db60ed-ab98-43cb-9934-155748735a42", "isDeleted:":"true", "version":"1681918321342"}}
{"logTime": "0526/122848", "correlationVector":"wWB4uW/XmFMx4owSQEWNzK.32","action":"GetUpdates", "result":"DeleteReceived", "context":{"id":"bf6ef8d4-5357-4a7d-ab3f-3a4c4bf5a948", "isDeleted:":"true", "version":"1682326680488"}}
{"logTime": "0526/122848", "correlationVector":"wWB4uW/XmFMx4owSQEWNzK.33","action":"GetUpdates", "result":"DeleteReceived", "context":{"id":"3cf5743c-fc34-4c3c-bd58-ba7a5ddf913e", "isDeleted:":"true", "version":"1682326680489"}}
{"logTime": "0526/122848", "correlationVector":"wWB4uW/XmFMx4owSQEWNzK.34","action":"GetUpdates", "result":"DeleteReceived", "context":{"id":"be1a97fd-296b-450f-bc3a-2b8f364be48c", "isDeleted:":"true", "version":"1682326680490"}}
{"logTime": "0526/122848", "correlationVector":"wWB4uW/XmFMx4owSQEWNzK.35","action":"GetUpdates", "result":"DeleteReceived", "context":{"id":"54bec5ee-96b6-4dd7-bfcd-cdbbd1bf3ec0", "isDeleted:":"true", "version":"1682326680491"}}
{"logTime": "0526/122848", "correlationVector":"wWB4uW/XmFMx4owSQEWNzK.36","action":"GetUpdates", "result":"DeleteReceived", "context":{"id":"37d400ce-d863-40d2-97b0-a9c3323ef28a", "isDeleted:":"true", "version":"1682326680493"}}
{"logTime": "0526/122848", "correlationVector":"wWB4uW/XmFMx4owSQEWNzK.37","action":"GetUpdates", "result":"DeleteReceived", "context":{"id":"71a18918-7e53-4f48-8350-b61e0c81bae3", "isDeleted:":"true", "version":"1682411666360"}}
{"logTime": "0526/122848", "correlationVector":"wWB4uW/XmFMx4owSQEWNzK.38","action":"GetUpdates", "result":"DeleteReceived", "context":{"id":"1527c8cd-4e6f-4cb7-b96b-2d4ee147ee86", "isDeleted:":"true", "version":"1682435460895"}}
{"logTime": "0526/122848", "correlationVector":"wWB4uW/XmFMx4owSQEWNzK.39","action":"GetUpdates", "result":"DeleteReceived", "context":{"id":"f7065a8e-4c02-4bfe-beff-e021fc0bd3f4", "isDeleted:":"true", "version":"1682666267835"}}
{"logTime": "0526/122848", "correlationVector":"wWB4uW/XmFMx4owSQEWNzK.40","action":"GetUpdates", "result":"DeleteReceived", "context":{"id":"9ada0099-df7f-4137-9a73-9c1dcebb6bad", "isDeleted:":"true", "version":"1682666267836"}}
{"logTime": "0526/122848", "correlationVector":"wWB4uW/XmFMx4owSQEWNzK.41","action":"GetUpdates", "result":"DeleteReceived", "context":{"id":"cb7daf7b-07c9-466f-8aeb-ee6c9d588bd1", "isDeleted:":"true", "version":"1682666267837"}}
{"logTime": "0526/122848", "correlationVector":"wWB4uW/XmFMx4owSQEWNzK.42","action":"GetUpdates", "result":"DeleteReceived", "context":{"id":"5f95176e-c13d-4b79-b037-9c770b0a8a96", "isDeleted:":"true", "version":"1682677555702"}}
{"logTime": "0526/122848", "correlationVector":"wWB4uW/XmFMx4owSQEWNzK.43","action":"GetUpdates", "result":"DeleteReceived", "context":{"id":"97ac5bab-8e72-47e9-9dce-1c0001224eca", "isDeleted:":"true", "version":"1682678407269"}}
{"logTime": "0526/122848", "correlationVector":"wWB4uW/XmFMx4owSQEWNzK.44","action":"GetUpdates", "result":"DeleteReceived", "context":{"id":"d777ab91-0608-4856-aee6-f881a098a10b", "isDeleted:":"true", "version":"1682687801830"}}
{"logTime": "0526/122848", "correlationVector":"wWB4uW/XmFMx4owSQEWNzK.45","action":"GetUpdates", "result":"DeleteReceived", "context":{"id":"32467ba8-f6e6-4109-883c-388f502054d1", "isDeleted:":"true", "version":"1682692411535"}}
{"logTime": "0526/122848", "correlationVector":"wWB4uW/XmFMx4owSQEWNzK.46","action":"GetUpdates", "result":"DeleteReceived", "context":{"id":"a07b7cb7-bdbf-4eb9-8445-9eaa9e76d871", "isDeleted:":"true", "version":"1682693747753"}}
{"logTime": "0526/122848", "correlationVector":"wWB4uW/XmFMx4owSQEWNzK.47","action":"GetUpdates", "result":"DeleteReceived", "context":{"id":"4267a7d7-9567-4d61-ba83-fa75308b48c1", "isDeleted:":"true", "version":"1682694304136"}}
{"logTime": "0526/122848", "correlationVector":"wWB4uW/XmFMx4owSQEWNzK.48","action":"GetUpdates", "result":"DeleteReceived", "context":{"id":"97800cfb-ebc2-41f8-8a7f-6a88274e5db0", "isDeleted:":"true", "version":"1682694304137"}}
{"logTime": "0526/122848", "correlationVector":"wWB4uW/XmFMx4owSQEWNzK.49","action":"GetUpdates", "result":"DeleteReceived", "context":{"id":"fefd77e4-c5aa-4ed7-b6b0-59984727a8c5", "isDeleted:":"true", "version":"1682694676545"}}
{"logTime": "0526/122848", "correlationVector":"wWB4uW/XmFMx4owSQEWNzK.50","action":"GetUpdates", "result":"DeleteReceived", "context":{"id":"a5e1ab33-f7a6-41cf-b2c5-0dbfd445696a", "isDeleted:":"true", "version":"1682694832300"}}
{"logTime": "0526/122848", "correlationVector":"wWB4uW/XmFMx4owSQEWNzK.51","action":"GetUpdates", "result":"DeleteReceived", "context":{"id":"0405c39f-782e-4415-ade3-1cb1daba3e8d", "isDeleted:":"true", "version":"1682695057931"}}
{"logTime": "0526/122848", "correlationVector":"wWB4uW/XmFMx4owSQEWNzK.52","action":"GetUpdates", "result":"DeleteReceived", "context":{"id":"c70f2e6f-9e77-4a27-8989-b1c1e6068346", "isDeleted:":"true", "version":"1682695323128"}}
{"logTime": "0526/122848", "correlationVector":"wWB4uW/XmFMx4owSQEWNzK.53","action":"GetUpdates", "result":"DeleteReceived", "context":{"id":"3e349245-9bae-4c86-8d5f-fe6dc630d288", "isDeleted:":"true", "version":"1682695581927"}}
{"logTime": "0526/122848", "correlationVector":"wWB4uW/XmFMx4owSQEWNzK.54","action":"GetUpdates", "result":"DeleteReceived", "context":{"id":"426697c2-6007-4b48-9f65-b59f7cc5bcce", "isDeleted:":"true", "version":"1682696659803"}}
{"logTime": "0526/122848", "correlationVector":"wWB4uW/XmFMx4owSQEWNzK.55","action":"GetUpdates", "result":"DeleteReceived", "context":{"id":"ab781fe1-aefa-4072-acb5-e64e3f0ab8f6", "isDeleted:":"true", "version":"1682798994899"}}
{"logTime": "0526/122848", "correlationVector":"wWB4uW/XmFMx4owSQEWNzK.56","action":"GetUpdates", "result":"DeleteReceived", "context":{"id":"f571b7b6-80fb-4a7c-ba25-0dd38e1e81b3", "isDeleted:":"true", "version":"1682799797817"}}
{"logTime": "0526/122848", "correlationVector":"wWB4uW/XmFMx4owSQEWNzK.57","action":"GetUpdates", "result":"DeleteReceived", "context":{"id":"34c55fd7-b665-45ca-b9c7-5012e2454745", "isDeleted:":"true", "version":"1682863498846"}}
{"logTime": "0526/122848", "correlationVector":"wWB4uW/XmFMx4owSQEWNzK.58","action":"GetUpdates", "result":"DeleteReceived", "context":{"id":"57d2781a-e063-4b3b-a34c-bedac7de3cd1", "isDeleted:":"true", "version":"1682863614416"}}
{"logTime": "0526/122848", "correlationVector":"wWB4uW/XmFMx4owSQEWNzK.59","action":"GetUpdates", "result":"DeleteReceived", "context":{"id":"f212b5f8-8ef4-4446-8392-eb668c1c7d2e", "isDeleted:":"true", "version":"1682951729339"}}
{"logTime": "0526/122848", "correlationVector":"wWB4uW/XmFMx4owSQEWNzK.60","action":"GetUpdates", "result":"DeleteReceived", "context":{"id":"39f6117a-a8bd-4c51-abae-cc0ac38cfc84", "isDeleted:":"true", "version":"1683120385240"}}
{"logTime": "0526/122848", "correlationVector":"wWB4uW/XmFMx4owSQEWNzK.61","action":"GetUpdates", "result":"DeleteReceived", "context":{"id":"ccb9928d-957f-46b7-9fb5-711add45bca3", "isDeleted:":"true", "version":"1683126081659"}}
{"logTime": "0526/122848", "correlationVector":"wWB4uW/XmFMx4owSQEWNzK.62","action":"GetUpdates", "result":"DeleteReceived", "context":{"id":"58f5c727-f46b-4de6-b05b-ad2157340c62", "isDeleted:":"true", "version":"1683128086292"}}
{"logTime": "0526/122848", "correlationVector":"wWB4uW/XmFMx4owSQEWNzK.63","action":"GetUpdates", "result":"DeleteReceived", "context":{"id":"1e977644-5cad-44e0-8355-409f5953c365", "isDeleted:":"true", "version":"1683209834451"}}
{"logTime": "0526/122848", "correlationVector":"wWB4uW/XmFMx4owSQEWNzK.64","action":"GetUpdates", "result":"DeleteReceived", "context":{"id":"72e8e1d7-7ed9-4d77-baa0-4efd208bf85a", "isDeleted:":"true", "version":"1683210075393"}}
{"logTime": "0526/122848", "correlationVector":"wWB4uW/XmFMx4owSQEWNzK.65","action":"GetUpdates", "result":"DeleteReceived", "context":{"id":"8efc99a1-46fd-45a9-b4b2-03de8c97fb8d", "isDeleted:":"true", "version":"1683210416655"}}
{"logTime": "0526/122848", "correlationVector":"wWB4uW/XmFMx4owSQEWNzK.66","action":"GetUpdates", "result":"DeleteReceived", "context":{"id":"4e3920d8-f1a3-49f6-9358-7377eb93ae12", "isDeleted:":"true", "version":"1683213237465"}}
{"logTime": "0526/122848", "correlationVector":"wWB4uW/XmFMx4owSQEWNzK.67","action":"GetUpdates", "result":"DeleteReceived", "context":{"id":"33dad129-6e4d-430f-90c8-e8c0bdd00eb9", "isDeleted:":"true", "version":"1683381661106"}}
{"logTime": "0526/122848", "correlationVector":"wWB4uW/XmFMx4owSQEWNzK.68","action":"GetUpdates", "result":"DeleteReceived", "context":{"id":"472b11e8-c1a5-41d9-8f55-7b2fdea232d5", "isDeleted:":"true", "version":"1683486314513"}}
{"logTime": "0526/122848", "correlationVector":"wWB4uW/XmFMx4owSQEWNzK.69","action":"GetUpdates", "result":"DeleteReceived", "context":{"id":"05698f2e-a058-4d54-99ee-7b1d1231b9cf", "isDeleted:":"true", "version":"1684096987664"}}
{"logTime": "0526/122848", "correlationVector":"wWB4uW/XmFMx4owSQEWNzK.70","action":"GetUpdates", "result":"DeleteReceived", "context":{"id":"381ca404-025d-4c91-aa52-dd64c9890d5b", "isDeleted:":"true", "version":"1684096987665"}}
{"logTime": "0526/122848", "correlationVector":"wWB4uW/XmFMx4owSQEWNzK.71","action":"GetUpdates", "result":"DeleteReceived", "context":{"id":"806f74c6-4cc7-4973-b105-8bbf254e016f", "isDeleted:":"true", "version":"1684710049433"}}
{"logTime": "0526/122848", "correlationVector":"wWB4uW/XmFMx4owSQEWNzK.72","action":"GetUpdates", "result":"DeleteReceived", "context":{"id":"ae40e845-1390-411c-b239-24f140a19446", "isDeleted:":"true", "version":"1684775918265"}}
{"logTime": "0526/122848", "correlationVector":"wWB4uW/XmFMx4owSQEWNzK.73","action":"GetUpdates", "result":"DeleteReceived", "context":{"id":"087ce253-2d16-4508-9d9a-77fdc8661417", "isDeleted:":"true", "version":"1684776094776"}}
{"logTime": "0526/122848", "correlationVector":"wWB4uW/XmFMx4owSQEWNzK.74","action":"GetUpdates", "result":"DeleteReceived", "context":{"id":"7257772a-d24c-4a6f-a6d6-2b33c1914df3", "isDeleted:":"true", "version":"1684776298279"}}
{"logTime": "0526/122848", "correlationVector":"wWB4uW/XmFMx4owSQEWNzK.75","action":"GetUpdates", "result":"DeleteReceived", "context":{"id":"2d9165c7-7888-4152-ac8e-00f191bea4fc", "isDeleted:":"true", "version":"1684776503307"}}
{"logTime": "0526/122848", "correlationVector":"wWB4uW/XmFMx4owSQEWNzK.76","action":"GetUpdates", "result":"DeleteReceived", "context":{"id":"00fe904e-25c2-4a4f-9717-89752dcabf98", "isDeleted:":"true", "version":"1684777031907"}}
{"logTime": "0526/122848", "correlationVector":"wWB4uW/XmFMx4owSQEWNzK.77","action":"GetUpdates", "result":"DeleteReceived", "context":{"id":"947814a2-b356-4af6-992a-befd2612964b", "isDeleted:":"true", "version":"1684777264167"}}
{"logTime": "0526/122848", "correlationVector":"wWB4uW/XmFMx4owSQEWNzK.78","action":"GetUpdates", "result":"DeleteReceived", "context":{"id":"d28b35e5-5740-451c-bc47-694368b46589", "isDeleted:":"true", "version":"1684777523413"}}
{"logTime": "0526/122848", "correlationVector":"wWB4uW/XmFMx4owSQEWNzK.79","action":"GetUpdates", "result":"DeleteReceived", "context":{"id":"451635d5-e239-429a-ab6a-fc4b9ebfff0a", "isDeleted:":"true", "version":"1684777690927"}}
{"logTime": "0526/122848", "correlationVector":"wWB4uW/XmFMx4owSQEWNzK.80","action":"GetUpdates", "result":"DeleteReceived", "context":{"id":"299d3431-5c5b-4be8-9bcc-cd7682661e95", "isDeleted:":"true", "version":"1684778430240"}}
{"logTime": "0526/122848", "correlationVector":"wWB4uW/XmFMx4owSQEWNzK.81","action":"GetUpdates", "result":"DeleteReceived", "context":{"id":"d8049950-9b6e-4691-915c-3102094a7d9a", "isDeleted:":"true", "version":"1684783749285"}}
{"logTime": "0526/122848", "correlationVector":"wWB4uW/XmFMx4owSQEWNzK.82","action":"GetUpdates", "result":"DeleteReceived", "context":{"id":"28d22033-69b4-47c4-9dcb-abad76d2cdd2", "isDeleted:":"true", "version":"1684785732952"}}
{"logTime": "0526/122848", "correlationVector":"wWB4uW/XmFMx4owSQEWNzK.83","action":"GetUpdates", "result":"DeleteReceived", "context":{"id":"cc73c3cb-c815-40c4-8e92-029b46fae9af", "isDeleted:":"true", "version":"1685092611112"}}
{"logTime": "0526/122848", "correlationVector":"wWB4uW/XmFMx4owSQEWNzK.84","action":"GetUpdates", "result":"DeleteReceived", "context":{"id":"a36888ff-325e-4763-9e3f-051b8126f07f", "isDeleted:":"true", "version":"1685093774071"}}
{"logTime": "0526/122848", "correlationVector":"wWB4uW/XmFMx4owSQEWNzK.85","action":"GetUpdates", "result":"DeleteReceived", "context":{"id":"45ae9844-b624-41b7-bb3e-17622f124f22", "isDeleted:":"true", "version":"1685095174269"}}
{"logTime": "0526/122848", "correlationVector":"wWB4uW/XmFMx4owSQEWNzK.86","action":"GetUpdates", "result":"DeleteReceived", "context":{"id":"79bcbc3a-9449-4621-91d6-0b17d0fce3f7", "isDeleted:":"true", "version":"1685095498138"}}
{"logTime": "0526/122848", "correlationVector":"wWB4uW/XmFMx4owSQEWNzK.87","action":"GetUpdates", "result":"DeleteReceived", "context":{"id":"4a24cc83-c1bf-44e4-a7cd-28362e464834", "isDeleted:":"true", "version":"1685095719245"}}
{"logTime": "0526/122848", "correlationVector":"wWB4uW/XmFMx4owSQEWNzK.88","action":"GetUpdates", "result":"DeleteReceived", "context":{"id":"ab1167cd-a81f-4961-9802-b9c8a09bfdd0", "isDeleted:":"true", "version":"1685096475031"}}
{"logTime": "0526/122848", "correlationVector":"wWB4uW/XmFMx4owSQEWNzK.89","action":"GetUpdates", "result":"DeleteReceived", "context":{"id":"7b642c8f-1c68-4fe5-8d6b-b45d1ec28a77", "isDeleted:":"true", "version":"1685096847986"}}
{"logTime": "0526/122848", "correlationVector":"wWB4uW/XmFMx4owSQEWNzK.90","action":"GetUpdates", "result":"DeleteReceived", "context":{"id":"815d0517-a1d5-4af3-ba9a-412518aad228", "isDeleted:":"true", "version":"1685097220805"}}
{"logTime": "0526/122848", "correlationVector":"wWB4uW/XmFMx4owSQEWNzK.91","action":"GetUpdates", "result":"DeleteReceived", "context":{"id":"14c7336f-ddf2-4401-9098-9a60d25c43e9", "isDeleted:":"true", "version":"1685097857852"}}
{"logTime": "0526/122848", "correlationVector":"wWB4uW/XmFMx4owSQEWNzK.92","action":"GetUpdates", "result":"DeleteReceived", "context":{"id":"1bf74b89-d7f3-4068-a97e-99a3cf6d4a3f", "isDeleted:":"true", "version":"1685104092651"}}
{"logTime": "0526/122848", "correlationVector":"wWB4uW/XmFMx4owSQEWNzK.93","action":"GetUpdates Response", "result":"SYNCER_OK", "context":Received 150 update(s). cV=wWB4uW/XmFMx4owSQEWNzK.0;server=GENERAL01000026;cloudType=Consumer;environment=Prod_WestEurope_000l;migrationStage=NotStarted}
{"logTime": "0526/122848", "correlationVector":"7e/FXXi6znNkHje58RtioK","action":"Commit Request", "result":"", "context":Item count: 1
Contributing types: Sessions}
{"logTime": "0526/122848", "correlationVector":"7e/FXXi6znNkHje58RtioK.1","action":"SyncServerConnectionManagerRequest", "result":"SYNC_SERVER_OK", "context":{"environment":"Prod_WestEurope_000l", "migrationStage":"NotStarted", "server":"GENERAL01000002"}}
{"logTime": "0526/122848", "correlationVector":"7e/FXXi6znNkHje58RtioK.2","action":"Commit Response", "result":"SYNCER_OK", "context":Result: SYNCER_OK. cV=7e/FXXi6znNkHje58RtioK.0;server=GENERAL01000002;cloudType=Consumer;environment=Prod_WestEurope_000l;migrationStage=NotStarted}
{"logTime": "0526/122918", "correlationVector":"Vt/i1nfMVm+m6vVwO0Y7jS","action":"Commit Request", "result":"", "context":Item count: 1
Contributing types: Sessions}
{"logTime": "0526/122918", "correlationVector":"Vt/i1nfMVm+m6vVwO0Y7jS.1","action":"SyncServerConnectionManagerRequest", "result":"SYNC_SERVER_OK", "context":{"environment":"Prod_WestEurope_000l", "migrationStage":"NotStarted", "server":"GENERAL0100000Y"}}
{"logTime": "0526/122918", "correlationVector":"Vt/i1nfMVm+m6vVwO0Y7jS.2","action":"Commit Response", "result":"SYNCER_OK", "context":Result: SYNCER_OK. cV=Vt/i1nfMVm+m6vVwO0Y7jS.0;server=GENERAL0100000Y;cloudType=Consumer;environment=Prod_WestEurope_000l;migrationStage=NotStarted}
{"logTime": "0526/122949", "correlationVector":"/pwRP1EOWfNjCjxolXgWGb","action":"Commit Request", "result":"", "context":Item count: 1
Contributing types: Sessions}
{"logTime": "0526/122950", "correlationVector":"/pwRP1EOWfNjCjxolXgWGb.1","action":"SyncServerConnectionManagerRequest", "result":"SYNC_SERVER_OK", "context":{"environment":"Prod_WestEurope_000l", "migrationStage":"NotStarted", "server":"GENERAL0100000I"}}
{"logTime": "0526/122950", "correlationVector":"/pwRP1EOWfNjCjxolXgWGb.2","action":"Commit Response", "result":"SYNCER_OK", "context":Result: SYNCER_OK. cV=/pwRP1EOWfNjCjxolXgWGb.0;server=GENERAL0100000I;cloudType=Consumer;environment=Prod_WestEurope_000l;migrationStage=NotStarted}
{"logTime": "0526/123035", "correlationVector":"NxzECv5H1mL1la9xyhdG+J","action":"Commit Request", "result":"", "context":Item count: 1
Contributing types: Sessions}
{"logTime": "0526/123035", "correlationVector":"NxzECv5H1mL1la9xyhdG+J.1","action":"SyncServerConnectionManagerRequest", "result":"SYNC_SERVER_OK", "context":{"environment":"Prod_WestEurope_000l", "migrationStage":"NotStarted", "server":"GENERAL01000011"}}
{"logTime": "0526/123035", "correlationVector":"NxzECv5H1mL1la9xyhdG+J.2","action":"Commit Response", "result":"SYNCER_OK", "context":Result: SYNCER_OK. cV=NxzECv5H1mL1la9xyhdG+J.0;server=GENERAL01000011;cloudType=Consumer;environment=Prod_WestEurope_000l;migrationStage=NotStarted}
{"logTime": "0526/123745", "correlationVector":"ZJ38RXrsPCLzvG/h6UmcO7","action":"Commit Request", "result":"", "context":Item count: 1
Contributing types: Sessions}
{"logTime": "0526/123746", "correlationVector":"ZJ38RXrsPCLzvG/h6UmcO7.1","action":"SyncServerConnectionManagerRequest", "result":"SYNC_SERVER_OK", "context":{"environment":"Prod_NorthEurope_000h", "migrationStage":"NotStarted", "server":"GENERAL0100001R"}}
{"logTime": "0526/123746", "correlationVector":"ZJ38RXrsPCLzvG/h6UmcO7.2","action":"Commit Response", "result":"SYNCER_OK", "context":Result: SYNCER_OK. cV=ZJ38RXrsPCLzvG/h6UmcO7.0;server=GENERAL0100001R;cloudType=Consumer;environment=Prod_NorthEurope_000h;migrationStage=NotStarted}
{"logTime": "0526/123831", "correlationVector":"eqkCAqbmZZkUN+1ftgtx8o","action":"Commit Request", "result":"", "context":Item count: 1
Contributing types: Sessions}
{"logTime": "0526/123831", "correlationVector":"eqkCAqbmZZkUN+1ftgtx8o.1","action":"SyncServerConnectionManagerRequest", "result":"SYNC_SERVER_OK", "context":{"environment":"Prod_WestEurope_000l", "migrationStage":"NotStarted", "server":"GENERAL01000000"}}
{"logTime": "0526/123831", "correlationVector":"eqkCAqbmZZkUN+1ftgtx8o.2","action":"Commit Response", "result":"SYNCER_OK", "context":Result: SYNCER_OK. cV=eqkCAqbmZZkUN+1ftgtx8o.0;server=GENERAL01000000;cloudType=Consumer;environment=Prod_WestEurope_000l;migrationStage=NotStarted}
{"logTime": "0526/130729", "correlationVector":"ZJKtDxdCyQx5lX4/tDZNZT.0","action":"FeedSettingFetch_homeCloud", "result":"0", "context":{}}
{"logTime": "0526/130729", "correlationVector":"Qe79so2SKvRB09uf0OIC8i.1","action":"SyncServerConnectionManagerRequest", "result":"SYNC_SERVER_OK", "context":{"environment":"Prod_NorthEurope_000h", "migrationStage":"NotStarted", "server":"GENERAL0100000U"}}
{"logTime": "0526/130729", "correlationVector":"Qe79so2SKvRB09uf0OIC8i","action":"Initial GetUpdates", "result":"", "context":Reason: NEW_CLIENT. cV=Qe79so2SKvRB09uf0OIC8i}
{"logTime": "0526/130729", "correlationVector":"Qe79so2SKvRB09uf0OIC8i.2","action":"GetUpdates Response", "result":"SYNCER_OK", "context":Received 1 update(s). cV=Qe79so2SKvRB09uf0OIC8i.0;server=GENERAL0100000U;cloudType=Consumer;environment=Prod_NorthEurope_000h;migrationStage=NotStarted}
{"logTime": "0526/130729", "correlationVector":"iGjr6B0/6Y8tYO++0+tJsN","action":"Normal GetUpdate request", "result":"", "context":cV=iGjr6B0/6Y8tYO++0+tJsN
Nudged types: Sessions, User Consents
Refresh requested types: Bookmarks, Preferences, Autofill Custom Data, Typed URLs, Extensions, Sessions, Extension settings, History Delete Directives, Device Info, User Consents, Send Tab To Self, Web Apps, Collection, Edge E Drop, Encryption Keys}
{"logTime": "0526/130729", "correlationVector":"iGjr6B0/6Y8tYO++0+tJsN.1","action":"SyncServerConnectionManagerRequest", "result":"SYNC_SERVER_OK", "context":{"environment":"Prod_NorthEurope_000h", "migrationStage":"NotStarted", "server":"GENERAL0100002A"}}
{"logTime": "0526/130729", "correlationVector":"iGjr6B0/6Y8tYO++0+tJsN.2","action":"GetUpdates", "result":"DeleteReceived", "context":{"id":"c3dc21fb-70d1-40ec-bbb5-c5b3a79b4e50", "isDeleted:":"true", "version":"1685104807278"}}
{"logTime": "0526/130729", "correlationVector":"iGjr6B0/6Y8tYO++0+tJsN.3","action":"GetUpdates Response", "result":"SYNCER_OK", "context":Received 3 update(s). cV=iGjr6B0/6Y8tYO++0+tJsN.0;server=GENERAL0100002A;cloudType=Consumer;environment=Prod_NorthEurope_000h;migrationStage=NotStarted}
{"logTime": "0526/130729", "correlationVector":"mwz6AxB5wRa5PhxwwCow9e","action":"Commit Request", "result":"", "context":Item count: 1
Contributing types: User Consents}
{"logTime": "0526/130729", "correlationVector":"mwz6AxB5wRa5PhxwwCow9e.1","action":"SyncServerConnectionManagerRequest", "result":"SYNC_SERVER_OK", "context":{"environment":"Prod_NorthEurope_000h", "migrationStage":"NotStarted", "server":"GENERAL0100001Z"}}
{"logTime": "0526/130729", "correlationVector":"mwz6AxB5wRa5PhxwwCow9e.2","action":"Commit Response", "result":"SYNCER_OK", "context":Result: SYNCER_OK. cV=mwz6AxB5wRa5PhxwwCow9e.0;server=GENERAL0100001Z;cloudType=Consumer;environment=Prod_NorthEurope_000h;migrationStage=NotStarted}
{"logTime": "0526/130729", "correlationVector":"DJqyWlry1CDQ8e/ar0z4jH","action":"SyncServerConnectionManagerRequest", "result":"SYNC_SERVER_OK", "context":{"environment":"", "migrationStage":"", "server":""}}
{"logTime": "0526/130729", "correlationVector":"xN0DRnWt7YDqbb23wJ0yp/","action":"Normal GetUpdate request", "result":"", "context":cV=xN0DRnWt7YDqbb23wJ0yp/
Refresh requested types: Encryption Keys}
{"logTime": "0526/130729", "correlationVector":"xN0DRnWt7YDqbb23wJ0yp/.1","action":"SyncServerConnectionManagerRequest", "result":"SYNC_SERVER_OK", "context":{"environment":"Prod_NorthEurope_000h", "migrationStage":"NotStarted", "server":"GENERAL01000000"}}
{"logTime": "0526/130729", "correlationVector":"xN0DRnWt7YDqbb23wJ0yp/.2","action":"GetUpdates Response", "result":"SYNCER_OK", "context":Received 0 update(s). cV=xN0DRnWt7YDqbb23wJ0yp/.0;server=GENERAL01000000;cloudType=Consumer;environment=Prod_NorthEurope_000h;migrationStage=NotStarted}
{"logTime": "0526/130729", "correlationVector":"Lw4jr96BPpVOdBcoRpunEA","action":"Initial GetUpdates", "result":"", "context":Reason: NEWLY_SUPPORTED_DATATYPE. cV=Lw4jr96BPpVOdBcoRpunEA}
{"logTime": "0526/130729", "correlationVector":"Lw4jr96BPpVOdBcoRpunEA.1","action":"SyncServerConnectionManagerRequest", "result":"SYNC_SERVER_OK", "context":{"environment":"Prod_NorthEurope_000h", "migrationStage":"NotStarted", "server":"general01000026"}}
{"logTime": "0526/130729", "correlationVector":"Lw4jr96BPpVOdBcoRpunEA.2","action":"GetUpdates Response", "result":"SYNCER_OK", "context":Received 6 update(s). cV=Lw4jr96BPpVOdBcoRpunEA.0;server=general01000026;cloudType=Consumer;environment=Prod_NorthEurope_000h;migrationStage=NotStarted}
{"logTime": "0526/130729", "correlationVector":"d5EulrNQe9TGgo65UA/gPb","action":"Normal GetUpdate request", "result":"", "context":cV=d5EulrNQe9TGgo65UA/gPb
Refresh requested types: Bookmarks, Preferences, Passwords, Autofill Profiles, Autofill, Autofill Custom Data, Typed URLs, Extensions, Sessions, Extension settings, History Delete Directives, Device Info, User Consents, Send Tab To Self, Web Apps, Collection, Edge E Drop, Encryption Keys}
{"logTime": "0526/130729", "correlationVector":"d5EulrNQe9TGgo65UA/gPb.1","action":"SyncServerConnectionManagerRequest", "result":"SYNC_SERVER_OK", "context":{"environment":"Prod_NorthEurope_000h", "migrationStage":"NotStarted", "server":"GENERAL01000025"}}
{"logTime": "0526/130729", "correlationVector":"d5EulrNQe9TGgo65UA/gPb.2","action":"GetUpdates Response", "result":"SYNCER_OK", "context":Received 0 update(s). cV=d5EulrNQe9TGgo65UA/gPb.0;server=GENERAL01000025;cloudType=Consumer;environment=Prod_NorthEurope_000h;migrationStage=NotStarted}
{"logTime": "0526/130755", "correlationVector":"/Hj4RbqfZdpz17dE1cH+GR","action":"Normal GetUpdate request", "result":"", "context":cV=/Hj4RbqfZdpz17dE1cH+GR
Nudged types: Sessions}
{"logTime": "0526/130756", "correlationVector":"/Hj4RbqfZdpz17dE1cH+GR.1","action":"SyncServerConnectionManagerRequest", "result":"SYNC_SERVER_OK", "context":{"environment":"Prod_NorthEurope_000h", "migrationStage":"NotStarted", "server":"general01000021"}}
{"logTime": "0526/130756", "correlationVector":"/Hj4RbqfZdpz17dE1cH+GR.2","action":"GetUpdates", "result":"DeleteReceived", "context":{"id":"48d32fe6-2627-4e79-bf2c-0d36fc4c76e6", "isDeleted:":"true", "version":"1678700805546"}}
{"logTime": "0526/130756", "correlationVector":"/Hj4RbqfZdpz17dE1cH+GR.3","action":"GetUpdates", "result":"DeleteReceived", "context":{"id":"66134d3e-ee75-4921-aaa3-6bf7f3ed554d", "isDeleted:":"true", "version":"1678785627357"}}
{"logTime": "0526/130756", "correlationVector":"/Hj4RbqfZdpz17dE1cH+GR.4","action":"GetUpdates", "result":"DeleteReceived", "context":{"id":"5d93608c-74b4-455f-b32e-665de043a05f", "isDeleted:":"true", "version":"1678785627358"}}
{"logTime": "0526/130756", "correlationVector":"/Hj4RbqfZdpz17dE1cH+GR.5","action":"GetUpdates", "result":"DeleteReceived", "context":{"id":"c87d7381-b3bb-4585-8f05-aac55481a775", "isDeleted:":"true", "version":"1678785627359"}}
{"logTime": "0526/130756", "correlationVector":"/Hj4RbqfZdpz17dE1cH+GR.6","action":"GetUpdates", "result":"DeleteReceived", "context":{"id":"e582b298-8e83-4abb-b89b-145c6fabd5b0", "isDeleted:":"true", "version":"1678785627361"}}
{"logTime": "0526/130756", "correlationVector":"/Hj4RbqfZdpz17dE1cH+GR.7","action":"GetUpdates", "result":"DeleteReceived", "context":{"id":"d9b18685-ad9a-4031-b48b-2f5d91ccbbe7", "isDeleted:":"true", "version":"1678790141152"}}
{"logTime": "0526/130756", "correlationVector":"/Hj4RbqfZdpz17dE1cH+GR.8","action":"GetUpdates", "result":"DeleteReceived", "context":{"id":"a40df45b-78e0-4caf-bac4-c9aaa14f680f", "isDeleted:":"true", "version":"1679049144626"}}
{"logTime": "0526/130756", "correlationVector":"/Hj4RbqfZdpz17dE1cH+GR.9","action":"GetUpdates", "result":"DeleteReceived", "context":{"id":"18d31450-cae1-42f9-a483-30d5f5dac517", "isDeleted:":"true", "version":"1679061625981"}}
{"logTime": "0526/130756", "correlationVector":"/Hj4RbqfZdpz17dE1cH+GR.10","action":"GetUpdates", "result":"DeleteReceived", "context":{"id":"94e82223-154d-4f42-9d85-d1ac77d5fa10", "isDeleted:":"true", "version":"1679067220439"}}
{"logTime": "0526/130756", "correlationVector":"/Hj4RbqfZdpz17dE1cH+GR.11","action":"GetUpdates", "result":"DeleteReceived", "context":{"id":"2191688c-afde-4f17-8d1f-3d30f0a8bb8f", "isDeleted:":"true", "version":"1679071578065"}}
{"logTime": "0526/130756", "correlationVector":"/Hj4RbqfZdpz17dE1cH+GR.12","action":"GetUpdates", "result":"DeleteReceived", "context":{"id":"b572ad2e-3ccb-4e41-aa69-ee14acc7790a", "isDeleted:":"true", "version":"1680078998768"}}
{"logTime": "0526/130756", "correlationVector":"/Hj4RbqfZdpz17dE1cH+GR.13","action":"GetUpdates", "result":"DeleteReceived", "context":{"id":"a0dab93c-a962-4593-b28f-7f715b135439", "isDeleted:":"true", "version":"1680080707051"}}
{"logTime": "0526/130756", "correlationVector":"/Hj4RbqfZdpz17dE1cH+GR.14","action":"GetUpdates", "result":"DeleteReceived", "context":{"id":"31a4873e-be37-4598-aa2d-869ded3cd32e", "isDeleted:":"true", "version":"1680081904012"}}
{"logTime": "0526/130756", "correlationVector":"/Hj4RbqfZdpz17dE1cH+GR.15","action":"GetUpdates", "result":"DeleteReceived", "context":{"id":"2def84ab-ffba-45bd-a627-f59d4c212423", "isDeleted:":"true", "version":"1681197156398"}}
{"logTime": "0526/130756", "correlationVector":"/Hj4RbqfZdpz17dE1cH+GR.16","action":"GetUpdates", "result":"DeleteReceived", "context":{"id":"ba70c0dc-d11d-4aea-9291-2af1da2ffc51", "isDeleted:":"true", "version":"1681204423307"}}
{"logTime": "0526/130756", "correlationVector":"/Hj4RbqfZdpz17dE1cH+GR.17","action":"GetUpdates", "result":"DeleteReceived", "context":{"id":"eccf066d-ad18-4a01-a842-70ecb6b79e1b", "isDeleted:":"true", "version":"1681215655619"}}
{"logTime": "0526/130756", "correlationVector":"/Hj4RbqfZdpz17dE1cH+GR.18","action":"GetUpdates", "result":"DeleteReceived", "context":{"id":"772bda44-cbb2-42cb-9ecc-cb5c03de3afc", "isDeleted:":"true", "version":"1681215655620"}}
{"logTime": "0526/130756", "correlationVector":"/Hj4RbqfZdpz17dE1cH+GR.19","action":"GetUpdates", "result":"DeleteReceived", "context":{"id":"ef5a13c4-8447-45dc-9106-b4b30f1f2746", "isDeleted:":"true", "version":"1681215655622"}}
{"logTime": "0526/130756", "correlationVector":"/Hj4RbqfZdpz17dE1cH+GR.20","action":"GetUpdates", "result":"DeleteReceived", "context":{"id":"a952c0d3-801d-4a38-90a3-31ec284e25ed", "isDeleted:":"true", "version":"1681305977544"}}
{"logTime": "0526/130756", "correlationVector":"/Hj4RbqfZdpz17dE1cH+GR.21","action":"GetUpdates", "result":"DeleteReceived", "context":{"id":"e6975ae5-19d8-448f-8039-155ab9e1baf7", "isDeleted:":"true", "version":"1681305977545"}}
{"logTime": "0526/130756", "correlationVector":"/Hj4RbqfZdpz17dE1cH+GR.22","action":"GetUpdates", "result":"DeleteReceived", "context":{"id":"e44cbb42-e1d8-4609-96d7-bb61fe3b982f", "isDeleted:":"true", "version":"1681305977547"}}
{"logTime": "0526/130756", "correlationVector":"/Hj4RbqfZdpz17dE1cH+GR.23","action":"GetUpdates", "result":"DeleteReceived", "context":{"id":"081f0826-afcf-4e3d-9eea-2fa927d1a5a6", "isDeleted:":"true", "version":"1681477878783"}}
{"logTime": "0526/130756", "correlationVector":"/Hj4RbqfZdpz17dE1cH+GR.24","action":"GetUpdates", "result":"DeleteReceived", "context":{"id":"52ac4ba0-76b0-445f-a637-8e889a5902b2", "isDeleted:":"true", "version":"1681480395609"}}
{"logTime": "0526/130756", "correlationVector":"/Hj4RbqfZdpz17dE1cH+GR.25","action":"GetUpdates", "result":"DeleteReceived", "context":{"id":"51a37fe4-7ab6-4fbd-b305-0c5f479a14a7", "isDeleted:":"true", "version":"1681480395610"}}
{"logTime": "0526/130756", "correlationVector":"/Hj4RbqfZdpz17dE1cH+GR.26","action":"GetUpdates", "result":"DeleteReceived", "context":{"id":"0b8b3bfe-85a9-47c1-8480-641e887635aa", "isDeleted:":"true", "version":"1681480395611"}}
{"logTime": "0526/130756", "correlationVector":"/Hj4RbqfZdpz17dE1cH+GR.27","action":"GetUpdates", "result":"DeleteReceived", "context":{"id":"bad7b3bd-98ce-455a-9b0b-5178ac980941", "isDeleted:":"true", "version":"1681480395612"}}
{"logTime": "0526/130756", "correlationVector":"/Hj4RbqfZdpz17dE1cH+GR.28","action":"GetUpdates", "result":"DeleteReceived", "context":{"id":"3bbca996-2d22-4a8a-9d90-e0510539cb1e", "isDeleted:":"true", "version":"1681480395614"}}
{"logTime": "0526/130756", "correlationVector":"/Hj4RbqfZdpz17dE1cH+GR.29","action":"GetUpdates", "result":"DeleteReceived", "context":{"id":"1197a9e9-ffd6-4aec-b7f1-531a23b365cc", "isDeleted:":"true", "version":"1681829949935"}}
{"logTime": "0526/130756", "correlationVector":"/Hj4RbqfZdpz17dE1cH+GR.30","action":"GetUpdates", "result":"DeleteReceived", "context":{"id":"c0cd2131-a5c1-40de-b660-8dab53b6cc7f", "isDeleted:":"true", "version":"1681917825471"}}
{"logTime": "0526/130756", "correlationVector":"/Hj4RbqfZdpz17dE1cH+GR.31","action":"GetUpdates", "result":"DeleteReceived", "context":{"id":"20db60ed-ab98-43cb-9934-155748735a42", "isDeleted:":"true", "version":"1681918321342"}}
{"logTime": "0526/130756", "correlationVector":"/Hj4RbqfZdpz17dE1cH+GR.32","action":"GetUpdates", "result":"DeleteReceived", "context":{"id":"bf6ef8d4-5357-4a7d-ab3f-3a4c4bf5a948", "isDeleted:":"true", "version":"1682326680488"}}
{"logTime": "0526/130756", "correlationVector":"/Hj4RbqfZdpz17dE1cH+GR.33","action":"GetUpdates", "result":"DeleteReceived", "context":{"id":"3cf5743c-fc34-4c3c-bd58-ba7a5ddf913e", "isDeleted:":"true", "version":"1682326680489"}}
{"logTime": "0526/130756", "correlationVector":"/Hj4RbqfZdpz17dE1cH+GR.34","action":"GetUpdates", "result":"DeleteReceived", "context":{"id":"be1a97fd-296b-450f-bc3a-2b8f364be48c", "isDeleted:":"true", "version":"1682326680490"}}
{"logTime": "0526/130756", "correlationVector":"/Hj4RbqfZdpz17dE1cH+GR.35","action":"GetUpdates", "result":"DeleteReceived", "context":{"id":"54bec5ee-96b6-4dd7-bfcd-cdbbd1bf3ec0", "isDeleted:":"true", "version":"1682326680491"}}
{"logTime": "0526/130756", "correlationVector":"/Hj4RbqfZdpz17dE1cH+GR.36","action":"GetUpdates", "result":"DeleteReceived", "context":{"id":"37d400ce-d863-40d2-97b0-a9c3323ef28a", "isDeleted:":"true", "version":"1682326680493"}}
{"logTime": "0526/130756", "correlationVector":"/Hj4RbqfZdpz17dE1cH+GR.37","action":"GetUpdates", "result":"DeleteReceived", "context":{"id":"71a18918-7e53-4f48-8350-b61e0c81bae3", "isDeleted:":"true", "version":"1682411666360"}}
{"logTime": "0526/130756", "correlationVector":"/Hj4RbqfZdpz17dE1cH+GR.38","action":"GetUpdates", "result":"DeleteReceived", "context":{"id":"1527c8cd-4e6f-4cb7-b96b-2d4ee147ee86", "isDeleted:":"true", "version":"1682435460895"}}
{"logTime": "0526/130756", "correlationVector":"/Hj4RbqfZdpz17dE1cH+GR.39","action":"GetUpdates", "result":"DeleteReceived", "context":{"id":"f7065a8e-4c02-4bfe-beff-e021fc0bd3f4", "isDeleted:":"true", "version":"1682666267835"}}
{"logTime": "0526/130756", "correlationVector":"/Hj4RbqfZdpz17dE1cH+GR.40","action":"GetUpdates", "result":"DeleteReceived", "context":{"id":"9ada0099-df7f-4137-9a73-9c1dcebb6bad", "isDeleted:":"true", "version":"1682666267836"}}
{"logTime": "0526/130756", "correlationVector":"/Hj4RbqfZdpz17dE1cH+GR.41","action":"GetUpdates", "result":"DeleteReceived", "context":{"id":"cb7daf7b-07c9-466f-8aeb-ee6c9d588bd1", "isDeleted:":"true", "version":"1682666267837"}}
{"logTime": "0526/130756", "correlationVector":"/Hj4RbqfZdpz17dE1cH+GR.42","action":"GetUpdates", "result":"DeleteReceived", "context":{"id":"5f95176e-c13d-4b79-b037-9c770b0a8a96", "isDeleted:":"true", "version":"1682677555702"}}
{"logTime": "0526/130756", "correlationVector":"/Hj4RbqfZdpz17dE1cH+GR.43","action":"GetUpdates", "result":"DeleteReceived", "context":{"id":"97ac5bab-8e72-47e9-9dce-1c0001224eca", "isDeleted:":"true", "version":"1682678407269"}}
{"logTime": "0526/130756", "correlationVector":"/Hj4RbqfZdpz17dE1cH+GR.44","action":"GetUpdates", "result":"DeleteReceived", "context":{"id":"d777ab91-0608-4856-aee6-f881a098a10b", "isDeleted:":"true", "version":"1682687801830"}}
{"logTime": "0526/130756", "correlationVector":"/Hj4RbqfZdpz17dE1cH+GR.45","action":"GetUpdates", "result":"DeleteReceived", "context":{"id":"32467ba8-f6e6-4109-883c-388f502054d1", "isDeleted:":"true", "version":"1682692411535"}}
{"logTime": "0526/130756", "correlationVector":"/Hj4RbqfZdpz17dE1cH+GR.46","action":"GetUpdates", "result":"DeleteReceived", "context":{"id":"a07b7cb7-bdbf-4eb9-8445-9eaa9e76d871", "isDeleted:":"true", "version":"1682693747753"}}
{"logTime": "0526/130756", "correlationVector":"/Hj4RbqfZdpz17dE1cH+GR.47","action":"GetUpdates", "result":"DeleteReceived", "context":{"id":"4267a7d7-9567-4d61-ba83-fa75308b48c1", "isDeleted:":"true", "version":"1682694304136"}}
{"logTime": "0526/130756", "correlationVector":"/Hj4RbqfZdpz17dE1cH+GR.48","action":"GetUpdates", "result":"DeleteReceived", "context":{"id":"97800cfb-ebc2-41f8-8a7f-6a88274e5db0", "isDeleted:":"true", "version":"1682694304137"}}
{"logTime": "0526/130756", "correlationVector":"/Hj4RbqfZdpz17dE1cH+GR.49","action":"GetUpdates", "result":"DeleteReceived", "context":{"id":"fefd77e4-c5aa-4ed7-b6b0-59984727a8c5", "isDeleted:":"true", "version":"1682694676545"}}
{"logTime": "0526/130756", "correlationVector":"/Hj4RbqfZdpz17dE1cH+GR.50","action":"GetUpdates", "result":"DeleteReceived", "context":{"id":"a5e1ab33-f7a6-41cf-b2c5-0dbfd445696a", "isDeleted:":"true", "version":"1682694832300"}}
{"logTime": "0526/130756", "correlationVector":"/Hj4RbqfZdpz17dE1cH+GR.51","action":"GetUpdates", "result":"DeleteReceived", "context":{"id":"0405c39f-782e-4415-ade3-1cb1daba3e8d", "isDeleted:":"true", "version":"1682695057931"}}
{"logTime": "0526/130756", "correlationVector":"/Hj4RbqfZdpz17dE1cH+GR.52","action":"GetUpdates", "result":"DeleteReceived", "context":{"id":"c70f2e6f-9e77-4a27-8989-b1c1e6068346", "isDeleted:":"true", "version":"1682695323128"}}
{"logTime": "0526/130756", "correlationVector":"/Hj4RbqfZdpz17dE1cH+GR.53","action":"GetUpdates", "result":"DeleteReceived", "context":{"id":"3e349245-9bae-4c86-8d5f-fe6dc630d288", "isDeleted:":"true", "version":"1682695581927"}}
{"logTime": "0526/130756", "correlationVector":"/Hj4RbqfZdpz17dE1cH+GR.54","action":"GetUpdates", "result":"DeleteReceived", "context":{"id":"426697c2-6007-4b48-9f65-b59f7cc5bcce", "isDeleted:":"true", "version":"1682696659803"}}
{"logTime": "0526/130756", "correlationVector":"/Hj4RbqfZdpz17dE1cH+GR.55","action":"GetUpdates", "result":"DeleteReceived", "context":{"id":"ab781fe1-aefa-4072-acb5-e64e3f0ab8f6", "isDeleted:":"true", "version":"1682798994899"}}
{"logTime": "0526/130756", "correlationVector":"/Hj4RbqfZdpz17dE1cH+GR.56","action":"GetUpdates", "result":"DeleteReceived", "context":{"id":"f571b7b6-80fb-4a7c-ba25-0dd38e1e81b3", "isDeleted:":"true", "version":"1682799797817"}}
{"logTime": "0526/130756", "correlationVector":"/Hj4RbqfZdpz17dE1cH+GR.57","action":"GetUpdates", "result":"DeleteReceived", "context":{"id":"34c55fd7-b665-45ca-b9c7-5012e2454745", "isDeleted:":"true", "version":"1682863498846"}}
{"logTime": "0526/130756", "correlationVector":"/Hj4RbqfZdpz17dE1cH+GR.58","action":"GetUpdates", "result":"DeleteReceived", "context":{"id":"57d2781a-e063-4b3b-a34c-bedac7de3cd1", "isDeleted:":"true", "version":"1682863614416"}}
{"logTime": "0526/130756", "correlationVector":"/Hj4RbqfZdpz17dE1cH+GR.59","action":"GetUpdates", "result":"DeleteReceived", "context":{"id":"f212b5f8-8ef4-4446-8392-eb668c1c7d2e", "isDeleted:":"true", "version":"1682951729339"}}
{"logTime": "0526/130756", "correlationVector":"/Hj4RbqfZdpz17dE1cH+GR.60","action":"GetUpdates", "result":"DeleteReceived", "context":{"id":"39f6117a-a8bd-4c51-abae-cc0ac38cfc84", "isDeleted:":"true", "version":"1683120385240"}}
{"logTime": "0526/130756", "correlationVector":"/Hj4RbqfZdpz17dE1cH+GR.61","action":"GetUpdates", "result":"DeleteReceived", "context":{"id":"ccb9928d-957f-46b7-9fb5-711add45bca3", "isDeleted:":"true", "version":"1683126081659"}}
{"logTime": "0526/130756", "correlationVector":"/Hj4RbqfZdpz17dE1cH+GR.62","action":"GetUpdates", "result":"DeleteReceived", "context":{"id":"58f5c727-f46b-4de6-b05b-ad2157340c62", "isDeleted:":"true", "version":"1683128086292"}}
{"logTime": "0526/130756", "correlationVector":"/Hj4RbqfZdpz17dE1cH+GR.63","action":"GetUpdates", "result":"DeleteReceived", "context":{"id":"1e977644-5cad-44e0-8355-409f5953c365", "isDeleted:":"true", "version":"1683209834451"}}
{"logTime": "0526/130756", "correlationVector":"/Hj4RbqfZdpz17dE1cH+GR.64","action":"GetUpdates", "result":"DeleteReceived", "context":{"id":"72e8e1d7-7ed9-4d77-baa0-4efd208bf85a", "isDeleted:":"true", "version":"1683210075393"}}
{"logTime": "0526/130756", "correlationVector":"/Hj4RbqfZdpz17dE1cH+GR.65","action":"GetUpdates", "result":"DeleteReceived", "context":{"id":"8efc99a1-46fd-45a9-b4b2-03de8c97fb8d", "isDeleted:":"true", "version":"1683210416655"}}
{"logTime": "0526/130756", "correlationVector":"/Hj4RbqfZdpz17dE1cH+GR.66","action":"GetUpdates", "result":"DeleteReceived", "context":{"id":"4e3920d8-f1a3-49f6-9358-7377eb93ae12", "isDeleted:":"true", "version":"1683213237465"}}
{"logTime": "0526/130756", "correlationVector":"/Hj4RbqfZdpz17dE1cH+GR.67","action":"GetUpdates", "result":"DeleteReceived", "context":{"id":"33dad129-6e4d-430f-90c8-e8c0bdd00eb9", "isDeleted:":"true", "version":"1683381661106"}}
{"logTime": "0526/130756", "correlationVector":"/Hj4RbqfZdpz17dE1cH+GR.68","action":"GetUpdates", "result":"DeleteReceived", "context":{"id":"472b11e8-c1a5-41d9-8f55-7b2fdea232d5", "isDeleted:":"true", "version":"1683486314513"}}
{"logTime": "0526/130756", "correlationVector":"/Hj4RbqfZdpz17dE1cH+GR.69","action":"GetUpdates", "result":"DeleteReceived", "context":{"id":"05698f2e-a058-4d54-99ee-7b1d1231b9cf", "isDeleted:":"true", "version":"1684096987664"}}
{"logTime": "0526/130756", "correlationVector":"/Hj4RbqfZdpz17dE1cH+GR.70","action":"GetUpdates", "result":"DeleteReceived", "context":{"id":"381ca404-025d-4c91-aa52-dd64c9890d5b", "isDeleted:":"true", "version":"1684096987665"}}
{"logTime": "0526/130756", "correlationVector":"/Hj4RbqfZdpz17dE1cH+GR.71","action":"GetUpdates", "result":"DeleteReceived", "context":{"id":"806f74c6-4cc7-4973-b105-8bbf254e016f", "isDeleted:":"true", "version":"1684710049433"}}
{"logTime": "0526/130756", "correlationVector":"/Hj4RbqfZdpz17dE1cH+GR.72","action":"GetUpdates", "result":"DeleteReceived", "context":{"id":"ae40e845-1390-411c-b239-24f140a19446", "isDeleted:":"true", "version":"1684775918265"}}
{"logTime": "0526/130756", "correlationVector":"/Hj4RbqfZdpz17dE1cH+GR.73","action":"GetUpdates", "result":"DeleteReceived", "context":{"id":"087ce253-2d16-4508-9d9a-77fdc8661417", "isDeleted:":"true", "version":"1684776094776"}}
{"logTime": "0526/130756", "correlationVector":"/Hj4RbqfZdpz17dE1cH+GR.74","action":"GetUpdates", "result":"DeleteReceived", "context":{"id":"7257772a-d24c-4a6f-a6d6-2b33c1914df3", "isDeleted:":"true", "version":"1684776298279"}}
{"logTime": "0526/130756", "correlationVector":"/Hj4RbqfZdpz17dE1cH+GR.75","action":"GetUpdates", "result":"DeleteReceived", "context":{"id":"2d9165c7-7888-4152-ac8e-00f191bea4fc", "isDeleted:":"true", "version":"1684776503307"}}
{"logTime": "0526/130756", "correlationVector":"/Hj4RbqfZdpz17dE1cH+GR.76","action":"GetUpdates", "result":"DeleteReceived", "context":{"id":"00fe904e-25c2-4a4f-9717-89752dcabf98", "isDeleted:":"true", "version":"1684777031907"}}
{"logTime": "0526/130756", "correlationVector":"/Hj4RbqfZdpz17dE1cH+GR.77","action":"GetUpdates", "result":"DeleteReceived", "context":{"id":"947814a2-b356-4af6-992a-befd2612964b", "isDeleted:":"true", "version":"1684777264167"}}
{"logTime": "0526/130756", "correlationVector":"/Hj4RbqfZdpz17dE1cH+GR.78","action":"GetUpdates", "result":"DeleteReceived", "context":{"id":"d28b35e5-5740-451c-bc47-694368b46589", "isDeleted:":"true", "version":"1684777523413"}}
{"logTime": "0526/130756", "correlationVector":"/Hj4RbqfZdpz17dE1cH+GR.79","action":"GetUpdates", "result":"DeleteReceived", "context":{"id":"451635d5-e239-429a-ab6a-fc4b9ebfff0a", "isDeleted:":"true", "version":"1684777690927"}}
{"logTime": "0526/130756", "correlationVector":"/Hj4RbqfZdpz17dE1cH+GR.80","action":"GetUpdates", "result":"DeleteReceived", "context":{"id":"299d3431-5c5b-4be8-9bcc-cd7682661e95", "isDeleted:":"true", "version":"1684778430240"}}
{"logTime": "0526/130756", "correlationVector":"/Hj4RbqfZdpz17dE1cH+GR.81","action":"GetUpdates", "result":"DeleteReceived", "context":{"id":"d8049950-9b6e-4691-915c-3102094a7d9a", "isDeleted:":"true", "version":"1684783749285"}}
{"logTime": "0526/130756", "correlationVector":"/Hj4RbqfZdpz17dE1cH+GR.82","action":"GetUpdates", "result":"DeleteReceived", "context":{"id":"28d22033-69b4-47c4-9dcb-abad76d2cdd2", "isDeleted:":"true", "version":"1684785732952"}}
{"logTime": "0526/130756", "correlationVector":"/Hj4RbqfZdpz17dE1cH+GR.83","action":"GetUpdates", "result":"DeleteReceived", "context":{"id":"cc73c3cb-c815-40c4-8e92-029b46fae9af", "isDeleted:":"true", "version":"1685092611112"}}
{"logTime": "0526/130756", "correlationVector":"/Hj4RbqfZdpz17dE1cH+GR.84","action":"GetUpdates", "result":"DeleteReceived", "context":{"id":"a36888ff-325e-4763-9e3f-051b8126f07f", "isDeleted:":"true", "version":"1685093774071"}}
{"logTime": "0526/130756", "correlationVector":"/Hj4RbqfZdpz17dE1cH+GR.85","action":"GetUpdates", "result":"DeleteReceived", "context":{"id":"45ae9844-b624-41b7-bb3e-17622f124f22", "isDeleted:":"true", "version":"1685095174269"}}
{"logTime": "0526/130756", "correlationVector":"/Hj4RbqfZdpz17dE1cH+GR.86","action":"GetUpdates", "result":"DeleteReceived", "context":{"id":"79bcbc3a-9449-4621-91d6-0b17d0fce3f7", "isDeleted:":"true", "version":"1685095498138"}}
{"logTime": "0526/130756", "correlationVector":"/Hj4RbqfZdpz17dE1cH+GR.87","action":"GetUpdates", "result":"DeleteReceived", "context":{"id":"4a24cc83-c1bf-44e4-a7cd-28362e464834", "isDeleted:":"true", "version":"1685095719245"}}
{"logTime": "0526/130756", "correlationVector":"/Hj4RbqfZdpz17dE1cH+GR.88","action":"GetUpdates", "result":"DeleteReceived", "context":{"id":"ab1167cd-a81f-4961-9802-b9c8a09bfdd0", "isDeleted:":"true", "version":"1685096475031"}}
{"logTime": "0526/130756", "correlationVector":"/Hj4RbqfZdpz17dE1cH+GR.89","action":"GetUpdates", "result":"DeleteReceived", "context":{"id":"7b642c8f-1c68-4fe5-8d6b-b45d1ec28a77", "isDeleted:":"true", "version":"1685096847986"}}
{"logTime": "0526/130756", "correlationVector":"/Hj4RbqfZdpz17dE1cH+GR.90","action":"GetUpdates", "result":"DeleteReceived", "context":{"id":"815d0517-a1d5-4af3-ba9a-412518aad228", "isDeleted:":"true", "version":"1685097220805"}}
{"logTime": "0526/130756", "correlationVector":"/Hj4RbqfZdpz17dE1cH+GR.91","action":"GetUpdates", "result":"DeleteReceived", "context":{"id":"14c7336f-ddf2-4401-9098-9a60d25c43e9", "isDeleted:":"true", "version":"1685097857852"}}
{"logTime": "0526/130756", "correlationVector":"/Hj4RbqfZdpz17dE1cH+GR.92","action":"GetUpdates", "result":"DeleteReceived", "context":{"id":"1bf74b89-d7f3-4068-a97e-99a3cf6d4a3f", "isDeleted:":"true", "version":"1685104092651"}}
{"logTime": "0526/130756", "correlationVector":"/Hj4RbqfZdpz17dE1cH+GR.93","action":"GetUpdates", "result":"DeleteReceived", "context":{"id":"c3dc21fb-70d1-40ec-bbb5-c5b3a79b4e50", "isDeleted:":"true", "version":"1685104807278"}}
{"logTime": "0526/130756", "correlationVector":"/Hj4RbqfZdpz17dE1cH+GR.94","action":"GetUpdates Response", "result":"SYNCER_OK", "context":Received 151 update(s). cV=/Hj4RbqfZdpz17dE1cH+GR.0;server=general01000021;cloudType=Consumer;environment=Prod_NorthEurope_000h;migrationStage=NotStarted}
{"logTime": "0526/130756", "correlationVector":"Q/3pqGtSAsnXj4zw8cE3/D","action":"Commit Request", "result":"", "context":Item count: 2
Contributing types: Sessions}
{"logTime": "0526/130756", "correlationVector":"Q/3pqGtSAsnXj4zw8cE3/D.1","action":"SyncServerConnectionManagerRequest", "result":"SYNC_SERVER_OK", "context":{"environment":"Prod_NorthEurope_000h", "migrationStage":"NotStarted", "server":"GENERAL0100000V"}}
{"logTime": "0526/130756", "correlationVector":"Q/3pqGtSAsnXj4zw8cE3/D.2","action":"Commit Response", "result":"SYNCER_OK", "context":Result: SYNCER_OK. cV=Q/3pqGtSAsnXj4zw8cE3/D.0;server=GENERAL0100000V;cloudType=Consumer;environment=Prod_NorthEurope_000h;migrationStage=NotStarted}
{"logTime": "0526/130950", "correlationVector":"VIxkH+SMMvjhJn0tmzyjyI","action":"Commit Request", "result":"", "context":Item count: 1
Contributing types: Sessions}
{"logTime": "0526/130950", "correlationVector":"VIxkH+SMMvjhJn0tmzyjyI.1","action":"SyncServerConnectionManagerRequest", "result":"SYNC_SERVER_OK", "context":{"environment":"Prod_WestEurope_x00e", "migrationStage":"NotStarted", "server":"GENERAL0100001E"}}
{"logTime": "0526/130950", "correlationVector":"VIxkH+SMMvjhJn0tmzyjyI.2","action":"Commit Response", "result":"SYNCER_OK", "context":Result: SYNCER_OK. cV=VIxkH+SMMvjhJn0tmzyjyI.0;server=GENERAL0100001E;cloudType=Consumer;environment=Prod_WestEurope_x00e;migrationStage=NotStarted}
{"logTime": "0526/131029", "correlationVector":"+ezN9yks31Dz+txVV7N5fM","action":"Commit Request", "result":"", "context":Item count: 1
Contributing types: Sessions}
{"logTime": "0526/131029", "correlationVector":"+ezN9yks31Dz+txVV7N5fM.1","action":"SyncServerConnectionManagerRequest", "result":"SYNC_SERVER_OK", "context":{"environment":"Prod_WestEurope_x00e", "migrationStage":"NotStarted", "server":"GENERAL0100001W"}}
{"logTime": "0526/131029", "correlationVector":"+ezN9yks31Dz+txVV7N5fM.2","action":"Commit Response", "result":"SYNCER_OK", "context":Result: SYNCER_OK. cV=+ezN9yks31Dz+txVV7N5fM.0;server=GENERAL0100001W;cloudType=Consumer;environment=Prod_WestEurope_x00e;migrationStage=NotStarted}
{"logTime": "0526/131305", "correlationVector":"6EAm+uAEdVzk/Ic1JTP1Jn.1","action":"SyncServerConnectionManagerRequest", "result":"SYNC_SERVER_OK", "context":{"environment":"Prod_WestEurope_000l", "migrationStage":"NotStarted", "server":"GENERAL0100001Z"}}
{"logTime": "0526/131305", "correlationVector":"/kas40fe9pSpI4C91TmXss.0","action":"FeedSettingFetch_homeCloud", "result":"0", "context":{}}
{"logTime": "0526/131305", "correlationVector":"6EAm+uAEdVzk/Ic1JTP1Jn","action":"Initial GetUpdates", "result":"", "context":Reason: NEW_CLIENT. cV=6EAm+uAEdVzk/Ic1JTP1Jn}
{"logTime": "0526/131305", "correlationVector":"6EAm+uAEdVzk/Ic1JTP1Jn.2","action":"GetUpdates Response", "result":"SYNCER_OK", "context":Received 1 update(s). cV=6EAm+uAEdVzk/Ic1JTP1Jn.0;server=GENERAL0100001Z;cloudType=Consumer;environment=Prod_WestEurope_000l;migrationStage=NotStarted}
{"logTime": "0526/131305", "correlationVector":"BOevnxEwosEz7E6ni45w7q","action":"Normal GetUpdate request", "result":"", "context":cV=BOevnxEwosEz7E6ni45w7q
Nudged types: Sessions, User Consents
Refresh requested types: Bookmarks, Preferences, Autofill Custom Data, Typed URLs, Extensions, Sessions, Extension settings, History Delete Directives, Device Info, User Consents, Send Tab To Self, Web Apps, Collection, Edge E Drop, Encryption Keys}
{"logTime": "0526/131305", "correlationVector":"BOevnxEwosEz7E6ni45w7q.1","action":"SyncServerConnectionManagerRequest", "result":"SYNC_SERVER_OK", "context":{"environment":"Prod_WestEurope_000l", "migrationStage":"NotStarted", "server":"GENERAL0100001D"}}
{"logTime": "0526/131305", "correlationVector":"BOevnxEwosEz7E6ni45w7q.2","action":"GetUpdates Response", "result":"SYNCER_OK", "context":Received 2 update(s). cV=BOevnxEwosEz7E6ni45w7q.0;server=GENERAL0100001D;cloudType=Consumer;environment=Prod_WestEurope_000l;migrationStage=NotStarted}
{"logTime": "0526/131305", "correlationVector":"kbBhOsdvDr3JuyUoU4nrrS","action":"Commit Request", "result":"", "context":Item count: 4
Contributing types: Sessions, User Consents}
{"logTime": "0526/131305", "correlationVector":"kbBhOsdvDr3JuyUoU4nrrS.1","action":"SyncServerConnectionManagerRequest", "result":"SYNC_SERVER_OK", "context":{"environment":"Prod_NorthEurope_000h", "migrationStage":"NotStarted", "server":"GENERAL0100000F"}}
{"logTime": "0526/131305", "correlationVector":"kbBhOsdvDr3JuyUoU4nrrS.3","action":"Commit.Sessions", "result":"Success", "context":{"id":"be95e226-326f-405a-91e3-5a6a2ff81933", "isDeleted":"true", "size":"0", "version":"1685106629746"}}
{"logTime": "0526/131305", "correlationVector":"kbBhOsdvDr3JuyUoU4nrrS.2","action":"Commit Response", "result":"SYNCER_OK", "context":Result: SYNCER_OK. cV=kbBhOsdvDr3JuyUoU4nrrS.0;server=GENERAL0100000F;cloudType=Consumer;environment=Prod_NorthEurope_000h;migrationStage=NotStarted}
{"logTime": "0526/131305", "correlationVector":"HPp1gGz3WBd6iaXhIs2OEa","action":"SyncServerConnectionManagerRequest", "result":"SYNC_SERVER_OK", "context":{"environment":"", "migrationStage":"", "server":""}}
{"logTime": "0526/131305", "correlationVector":"INARZzdYV55etrMKjZfwF/","action":"Normal GetUpdate request", "result":"", "context":cV=INARZzdYV55etrMKjZfwF/
Nudged types: Sessions
Refresh requested types: Encryption Keys}
{"logTime": "0526/131305", "correlationVector":"INARZzdYV55etrMKjZfwF/.1","action":"SyncServerConnectionManagerRequest", "result":"SYNC_SERVER_OK", "context":{"environment":"Prod_WestEurope_000l", "migrationStage":"NotStarted", "server":"GENERAL01000024"}}
{"logTime": "0526/131305", "correlationVector":"INARZzdYV55etrMKjZfwF/.2","action":"GetUpdates", "result":"DeleteReceived", "context":{"id":"be95e226-326f-405a-91e3-5a6a2ff81933", "isDeleted:":"true", "version":"1685106776395"}}
{"logTime": "0526/131305", "correlationVector":"INARZzdYV55etrMKjZfwF/.3","action":"GetUpdates Response", "result":"SYNCER_OK", "context":Received 3 update(s). cV=INARZzdYV55etrMKjZfwF/.0;server=GENERAL01000024;cloudType=Consumer;environment=Prod_WestEurope_000l;migrationStage=NotStarted}
{"logTime": "0526/131305", "correlationVector":"IuGsTofoaL2nPddztMoJBB","action":"Initial GetUpdates", "result":"", "context":Reason: NEWLY_SUPPORTED_DATATYPE. cV=IuGsTofoaL2nPddztMoJBB}
{"logTime": "0526/131305", "correlationVector":"IuGsTofoaL2nPddztMoJBB.1","action":"SyncServerConnectionManagerRequest", "result":"SYNC_SERVER_OK", "context":{"environment":"Prod_WestEurope_000l", "migrationStage":"NotStarted", "server":"GENERAL01000008"}}
{"logTime": "0526/131305", "correlationVector":"IuGsTofoaL2nPddztMoJBB.2","action":"GetUpdates Response", "result":"SYNCER_OK", "context":Received 6 update(s). cV=IuGsTofoaL2nPddztMoJBB.0;server=GENERAL01000008;cloudType=Consumer;environment=Prod_WestEurope_000l;migrationStage=NotStarted}
{"logTime": "0526/131305", "correlationVector":"gWP5LEXXzt4DFe4CBHoNOH","action":"Normal GetUpdate request", "result":"", "context":cV=gWP5LEXXzt4DFe4CBHoNOH
Refresh requested types: Bookmarks, Preferences, Passwords, Autofill Profiles, Autofill, Autofill Custom Data, Typed URLs, Extensions, Sessions, Extension settings, History Delete Directives, Device Info, User Consents, Send Tab To Self, Web Apps, Collection, Edge E Drop, Encryption Keys}
{"logTime": "0526/131305", "correlationVector":"gWP5LEXXzt4DFe4CBHoNOH.1","action":"SyncServerConnectionManagerRequest", "result":"SYNC_SERVER_OK", "context":{"environment":"Prod_WestEurope_000l", "migrationStage":"NotStarted", "server":"GENERAL01000013"}}
{"logTime": "0526/131305", "correlationVector":"gWP5LEXXzt4DFe4CBHoNOH.2","action":"GetUpdates Response", "result":"SYNCER_OK", "context":Received 0 update(s). cV=gWP5LEXXzt4DFe4CBHoNOH.0;server=GENERAL01000013;cloudType=Consumer;environment=Prod_WestEurope_000l;migrationStage=NotStarted}
{"logTime": "0526/131329", "correlationVector":"3ETJzpYRZFXkwOCT+sNpU+","action":"Normal GetUpdate request", "result":"", "context":cV=3ETJzpYRZFXkwOCT+sNpU+
Nudged types: Sessions}
{"logTime": "0526/131329", "correlationVector":"3ETJzpYRZFXkwOCT+sNpU+.1","action":"SyncServerConnectionManagerRequest", "result":"SYNC_SERVER_OK", "context":{"environment":"Prod_WestEurope_000l", "migrationStage":"NotStarted", "server":"GENERAL0100000M"}}
{"logTime": "0526/131329", "correlationVector":"3ETJzpYRZFXkwOCT+sNpU+.2","action":"GetUpdates", "result":"DeleteReceived", "context":{"id":"48d32fe6-2627-4e79-bf2c-0d36fc4c76e6", "isDeleted:":"true", "version":"1678700805546"}}
{"logTime": "0526/131329", "correlationVector":"3ETJzpYRZFXkwOCT+sNpU+.3","action":"GetUpdates", "result":"DeleteReceived", "context":{"id":"66134d3e-ee75-4921-aaa3-6bf7f3ed554d", "isDeleted:":"true", "version":"1678785627357"}}
{"logTime": "0526/131329", "correlationVector":"3ETJzpYRZFXkwOCT+sNpU+.4","action":"GetUpdates", "result":"DeleteReceived", "context":{"id":"5d93608c-74b4-455f-b32e-665de043a05f", "isDeleted:":"true", "version":"1678785627358"}}
{"logTime": "0526/131329", "correlationVector":"3ETJzpYRZFXkwOCT+sNpU+.5","action":"GetUpdates", "result":"DeleteReceived", "context":{"id":"c87d7381-b3bb-4585-8f05-aac55481a775", "isDeleted:":"true", "version":"1678785627359"}}
{"logTime": "0526/131329", "correlationVector":"3ETJzpYRZFXkwOCT+sNpU+.6","action":"GetUpdates", "result":"DeleteReceived", "context":{"id":"e582b298-8e83-4abb-b89b-145c6fabd5b0", "isDeleted:":"true", "version":"1678785627361"}}
{"logTime": "0526/131329", "correlationVector":"3ETJzpYRZFXkwOCT+sNpU+.7","action":"GetUpdates", "result":"DeleteReceived", "context":{"id":"d9b18685-ad9a-4031-b48b-2f5d91ccbbe7", "isDeleted:":"true", "version":"1678790141152"}}
{"logTime": "0526/131329", "correlationVector":"3ETJzpYRZFXkwOCT+sNpU+.8","action":"GetUpdates", "result":"DeleteReceived", "context":{"id":"a40df45b-78e0-4caf-bac4-c9aaa14f680f", "isDeleted:":"true", "version":"1679049144626"}}
{"logTime": "0526/131329", "correlationVector":"3ETJzpYRZFXkwOCT+sNpU+.9","action":"GetUpdates", "result":"DeleteReceived", "context":{"id":"18d31450-cae1-42f9-a483-30d5f5dac517", "isDeleted:":"true", "version":"1679061625981"}}
{"logTime": "0526/131329", "correlationVector":"3ETJzpYRZFXkwOCT+sNpU+.10","action":"GetUpdates", "result":"DeleteReceived", "context":{"id":"94e82223-154d-4f42-9d85-d1ac77d5fa10", "isDeleted:":"true", "version":"1679067220439"}}
{"logTime": "0526/131329", "correlationVector":"3ETJzpYRZFXkwOCT+sNpU+.11","action":"GetUpdates", "result":"DeleteReceived", "context":{"id":"2191688c-afde-4f17-8d1f-3d30f0a8bb8f", "isDeleted:":"true", "version":"1679071578065"}}
{"logTime": "0526/131329", "correlationVector":"3ETJzpYRZFXkwOCT+sNpU+.12","action":"GetUpdates", "result":"DeleteReceived", "context":{"id":"b572ad2e-3ccb-4e41-aa69-ee14acc7790a", "isDeleted:":"true", "version":"1680078998768"}}
{"logTime": "0526/131329", "correlationVector":"3ETJzpYRZFXkwOCT+sNpU+.13","action":"GetUpdates", "result":"DeleteReceived", "context":{"id":"a0dab93c-a962-4593-b28f-7f715b135439", "isDeleted:":"true", "version":"1680080707051"}}
{"logTime": "0526/131329", "correlationVector":"3ETJzpYRZFXkwOCT+sNpU+.14","action":"GetUpdates", "result":"DeleteReceived", "context":{"id":"31a4873e-be37-4598-aa2d-869ded3cd32e", "isDeleted:":"true", "version":"1680081904012"}}
{"logTime": "0526/131329", "correlationVector":"3ETJzpYRZFXkwOCT+sNpU+.15","action":"GetUpdates", "result":"DeleteReceived", "context":{"id":"2def84ab-ffba-45bd-a627-f59d4c212423", "isDeleted:":"true", "version":"1681197156398"}}
{"logTime": "0526/131329", "correlationVector":"3ETJzpYRZFXkwOCT+sNpU+.16","action":"GetUpdates", "result":"DeleteReceived", "context":{"id":"ba70c0dc-d11d-4aea-9291-2af1da2ffc51", "isDeleted:":"true", "version":"1681204423307"}}
{"logTime": "0526/131329", "correlationVector":"3ETJzpYRZFXkwOCT+sNpU+.17","action":"GetUpdates", "result":"DeleteReceived", "context":{"id":"eccf066d-ad18-4a01-a842-70ecb6b79e1b", "isDeleted:":"true", "version":"1681215655619"}}
{"logTime": "0526/131329", "correlationVector":"3ETJzpYRZFXkwOCT+sNpU+.18","action":"GetUpdates", "result":"DeleteReceived", "context":{"id":"772bda44-cbb2-42cb-9ecc-cb5c03de3afc", "isDeleted:":"true", "version":"1681215655620"}}
{"logTime": "0526/131329", "correlationVector":"3ETJzpYRZFXkwOCT+sNpU+.19","action":"GetUpdates", "result":"DeleteReceived", "context":{"id":"ef5a13c4-8447-45dc-9106-b4b30f1f2746", "isDeleted:":"true", "version":"1681215655622"}}
{"logTime": "0526/131329", "correlationVector":"3ETJzpYRZFXkwOCT+sNpU+.20","action":"GetUpdates", "result":"DeleteReceived", "context":{"id":"a952c0d3-801d-4a38-90a3-31ec284e25ed", "isDeleted:":"true", "version":"1681305977544"}}
{"logTime": "0526/131329", "correlationVector":"3ETJzpYRZFXkwOCT+sNpU+.21","action":"GetUpdates", "result":"DeleteReceived", "context":{"id":"e6975ae5-19d8-448f-8039-155ab9e1baf7", "isDeleted:":"true", "version":"1681305977545"}}
{"logTime": "0526/131329", "correlationVector":"3ETJzpYRZFXkwOCT+sNpU+.22","action":"GetUpdates", "result":"DeleteReceived", "context":{"id":"e44cbb42-e1d8-4609-96d7-bb61fe3b982f", "isDeleted:":"true", "version":"1681305977547"}}
{"logTime": "0526/131329", "correlationVector":"3ETJzpYRZFXkwOCT+sNpU+.23","action":"GetUpdates", "result":"DeleteReceived", "context":{"id":"081f0826-afcf-4e3d-9eea-2fa927d1a5a6", "isDeleted:":"true", "version":"1681477878783"}}
{"logTime": "0526/131329", "correlationVector":"3ETJzpYRZFXkwOCT+sNpU+.24","action":"GetUpdates", "result":"DeleteReceived", "context":{"id":"52ac4ba0-76b0-445f-a637-8e889a5902b2", "isDeleted:":"true", "version":"1681480395609"}}
{"logTime": "0526/131329", "correlationVector":"3ETJzpYRZFXkwOCT+sNpU+.25","action":"GetUpdates", "result":"DeleteReceived", "context":{"id":"51a37fe4-7ab6-4fbd-b305-0c5f479a14a7", "isDeleted:":"true", "version":"1681480395610"}}
{"logTime": "0526/131329", "correlationVector":"3ETJzpYRZFXkwOCT+sNpU+.26","action":"GetUpdates", "result":"DeleteReceived", "context":{"id":"0b8b3bfe-85a9-47c1-8480-641e887635aa", "isDeleted:":"true", "version":"1681480395611"}}
{"logTime": "0526/131329", "correlationVector":"3ETJzpYRZFXkwOCT+sNpU+.27","action":"GetUpdates", "result":"DeleteReceived", "context":{"id":"bad7b3bd-98ce-455a-9b0b-5178ac980941", "isDeleted:":"true", "version":"1681480395612"}}
{"logTime": "0526/131329", "correlationVector":"3ETJzpYRZFXkwOCT+sNpU+.28","action":"GetUpdates", "result":"DeleteReceived", "context":{"id":"3bbca996-2d22-4a8a-9d90-e0510539cb1e", "isDeleted:":"true", "version":"1681480395614"}}
{"logTime": "0526/131329", "correlationVector":"3ETJzpYRZFXkwOCT+sNpU+.29","action":"GetUpdates", "result":"DeleteReceived", "context":{"id":"1197a9e9-ffd6-4aec-b7f1-531a23b365cc", "isDeleted:":"true", "version":"1681829949935"}}
{"logTime": "0526/131329", "correlationVector":"3ETJzpYRZFXkwOCT+sNpU+.30","action":"GetUpdates", "result":"DeleteReceived", "context":{"id":"c0cd2131-a5c1-40de-b660-8dab53b6cc7f", "isDeleted:":"true", "version":"1681917825471"}}
{"logTime": "0526/131329", "correlationVector":"3ETJzpYRZFXkwOCT+sNpU+.31","action":"GetUpdates", "result":"DeleteReceived", "context":{"id":"20db60ed-ab98-43cb-9934-155748735a42", "isDeleted:":"true", "version":"1681918321342"}}
{"logTime": "0526/131329", "correlationVector":"3ETJzpYRZFXkwOCT+sNpU+.32","action":"GetUpdates", "result":"DeleteReceived", "context":{"id":"bf6ef8d4-5357-4a7d-ab3f-3a4c4bf5a948", "isDeleted:":"true", "version":"1682326680488"}}
{"logTime": "0526/131329", "correlationVector":"3ETJzpYRZFXkwOCT+sNpU+.33","action":"GetUpdates", "result":"DeleteReceived", "context":{"id":"3cf5743c-fc34-4c3c-bd58-ba7a5ddf913e", "isDeleted:":"true", "version":"1682326680489"}}
{"logTime": "0526/131329", "correlationVector":"3ETJzpYRZFXkwOCT+sNpU+.34","action":"GetUpdates", "result":"DeleteReceived", "context":{"id":"be1a97fd-296b-450f-bc3a-2b8f364be48c", "isDeleted:":"true", "version":"1682326680490"}}
{"logTime": "0526/131329", "correlationVector":"3ETJzpYRZFXkwOCT+sNpU+.35","action":"GetUpdates", "result":"DeleteReceived", "context":{"id":"54bec5ee-96b6-4dd7-bfcd-cdbbd1bf3ec0", "isDeleted:":"true", "version":"1682326680491"}}
{"logTime": "0526/131329", "correlationVector":"3ETJzpYRZFXkwOCT+sNpU+.36","action":"GetUpdates", "result":"DeleteReceived", "context":{"id":"37d400ce-d863-40d2-97b0-a9c3323ef28a", "isDeleted:":"true", "version":"1682326680493"}}
{"logTime": "0526/131329", "correlationVector":"3ETJzpYRZFXkwOCT+sNpU+.37","action":"GetUpdates", "result":"DeleteReceived", "context":{"id":"71a18918-7e53-4f48-8350-b61e0c81bae3", "isDeleted:":"true", "version":"1682411666360"}}
{"logTime": "0526/131329", "correlationVector":"3ETJzpYRZFXkwOCT+sNpU+.38","action":"GetUpdates", "result":"DeleteReceived", "context":{"id":"1527c8cd-4e6f-4cb7-b96b-2d4ee147ee86", "isDeleted:":"true", "version":"1682435460895"}}
{"logTime": "0526/131329", "correlationVector":"3ETJzpYRZFXkwOCT+sNpU+.39","action":"GetUpdates", "result":"DeleteReceived", "context":{"id":"f7065a8e-4c02-4bfe-beff-e021fc0bd3f4", "isDeleted:":"true", "version":"1682666267835"}}
{"logTime": "0526/131329", "correlationVector":"3ETJzpYRZFXkwOCT+sNpU+.40","action":"GetUpdates", "result":"DeleteReceived", "context":{"id":"9ada0099-df7f-4137-9a73-9c1dcebb6bad", "isDeleted:":"true", "version":"1682666267836"}}
{"logTime": "0526/131329", "correlationVector":"3ETJzpYRZFXkwOCT+sNpU+.41","action":"GetUpdates", "result":"DeleteReceived", "context":{"id":"cb7daf7b-07c9-466f-8aeb-ee6c9d588bd1", "isDeleted:":"true", "version":"1682666267837"}}
{"logTime": "0526/131329", "correlationVector":"3ETJzpYRZFXkwOCT+sNpU+.42","action":"GetUpdates", "result":"DeleteReceived", "context":{"id":"5f95176e-c13d-4b79-b037-9c770b0a8a96", "isDeleted:":"true", "version":"1682677555702"}}
{"logTime": "0526/131329", "correlationVector":"3ETJzpYRZFXkwOCT+sNpU+.43","action":"GetUpdates", "result":"DeleteReceived", "context":{"id":"97ac5bab-8e72-47e9-9dce-1c0001224eca", "isDeleted:":"true", "version":"1682678407269"}}
{"logTime": "0526/131329", "correlationVector":"3ETJzpYRZFXkwOCT+sNpU+.44","action":"GetUpdates", "result":"DeleteReceived", "context":{"id":"d777ab91-0608-4856-aee6-f881a098a10b", "isDeleted:":"true", "version":"1682687801830"}}
{"logTime": "0526/131329", "correlationVector":"3ETJzpYRZFXkwOCT+sNpU+.45","action":"GetUpdates", "result":"DeleteReceived", "context":{"id":"32467ba8-f6e6-4109-883c-388f502054d1", "isDeleted:":"true", "version":"1682692411535"}}
{"logTime": "0526/131329", "correlationVector":"3ETJzpYRZFXkwOCT+sNpU+.46","action":"GetUpdates", "result":"DeleteReceived", "context":{"id":"a07b7cb7-bdbf-4eb9-8445-9eaa9e76d871", "isDeleted:":"true", "version":"1682693747753"}}
{"logTime": "0526/131329", "correlationVector":"3ETJzpYRZFXkwOCT+sNpU+.47","action":"GetUpdates", "result":"DeleteReceived", "context":{"id":"4267a7d7-9567-4d61-ba83-fa75308b48c1", "isDeleted:":"true", "version":"1682694304136"}}
{"logTime": "0526/131329", "correlationVector":"3ETJzpYRZFXkwOCT+sNpU+.48","action":"GetUpdates", "result":"DeleteReceived", "context":{"id":"97800cfb-ebc2-41f8-8a7f-6a88274e5db0", "isDeleted:":"true", "version":"1682694304137"}}
{"logTime": "0526/131329", "correlationVector":"3ETJzpYRZFXkwOCT+sNpU+.49","action":"GetUpdates", "result":"DeleteReceived", "context":{"id":"fefd77e4-c5aa-4ed7-b6b0-59984727a8c5", "isDeleted:":"true", "version":"1682694676545"}}
{"logTime": "0526/131329", "correlationVector":"3ETJzpYRZFXkwOCT+sNpU+.50","action":"GetUpdates", "result":"DeleteReceived", "context":{"id":"a5e1ab33-f7a6-41cf-b2c5-0dbfd445696a", "isDeleted:":"true", "version":"1682694832300"}}
{"logTime": "0526/131329", "correlationVector":"3ETJzpYRZFXkwOCT+sNpU+.51","action":"GetUpdates", "result":"DeleteReceived", "context":{"id":"0405c39f-782e-4415-ade3-1cb1daba3e8d", "isDeleted:":"true", "version":"1682695057931"}}
{"logTime": "0526/131329", "correlationVector":"3ETJzpYRZFXkwOCT+sNpU+.52","action":"GetUpdates", "result":"DeleteReceived", "context":{"id":"c70f2e6f-9e77-4a27-8989-b1c1e6068346", "isDeleted:":"true", "version":"1682695323128"}}
{"logTime": "0526/131329", "correlationVector":"3ETJzpYRZFXkwOCT+sNpU+.53","action":"GetUpdates", "result":"DeleteReceived", "context":{"id":"3e349245-9bae-4c86-8d5f-fe6dc630d288", "isDeleted:":"true", "version":"1682695581927"}}
{"logTime": "0526/131329", "correlationVector":"3ETJzpYRZFXkwOCT+sNpU+.54","action":"GetUpdates", "result":"DeleteReceived", "context":{"id":"426697c2-6007-4b48-9f65-b59f7cc5bcce", "isDeleted:":"true", "version":"1682696659803"}}
{"logTime": "0526/131329", "correlationVector":"3ETJzpYRZFXkwOCT+sNpU+.55","action":"GetUpdates", "result":"DeleteReceived", "context":{"id":"ab781fe1-aefa-4072-acb5-e64e3f0ab8f6", "isDeleted:":"true", "version":"1682798994899"}}
{"logTime": "0526/131329", "correlationVector":"3ETJzpYRZFXkwOCT+sNpU+.56","action":"GetUpdates", "result":"DeleteReceived", "context":{"id":"f571b7b6-80fb-4a7c-ba25-0dd38e1e81b3", "isDeleted:":"true", "version":"1682799797817"}}
{"logTime": "0526/131329", "correlationVector":"3ETJzpYRZFXkwOCT+sNpU+.57","action":"GetUpdates", "result":"DeleteReceived", "context":{"id":"34c55fd7-b665-45ca-b9c7-5012e2454745", "isDeleted:":"true", "version":"1682863498846"}}
{"logTime": "0526/131329", "correlationVector":"3ETJzpYRZFXkwOCT+sNpU+.58","action":"GetUpdates", "result":"DeleteReceived", "context":{"id":"57d2781a-e063-4b3b-a34c-bedac7de3cd1", "isDeleted:":"true", "version":"1682863614416"}}
{"logTime": "0526/131329", "correlationVector":"3ETJzpYRZFXkwOCT+sNpU+.59","action":"GetUpdates", "result":"DeleteReceived", "context":{"id":"f212b5f8-8ef4-4446-8392-eb668c1c7d2e", "isDeleted:":"true", "version":"1682951729339"}}
{"logTime": "0526/131329", "correlationVector":"3ETJzpYRZFXkwOCT+sNpU+.60","action":"GetUpdates", "result":"DeleteReceived", "context":{"id":"39f6117a-a8bd-4c51-abae-cc0ac38cfc84", "isDeleted:":"true", "version":"1683120385240"}}
{"logTime": "0526/131329", "correlationVector":"3ETJzpYRZFXkwOCT+sNpU+.61","action":"GetUpdates", "result":"DeleteReceived", "context":{"id":"ccb9928d-957f-46b7-9fb5-711add45bca3", "isDeleted:":"true", "version":"1683126081659"}}
{"logTime": "0526/131329", "correlationVector":"3ETJzpYRZFXkwOCT+sNpU+.62","action":"GetUpdates", "result":"DeleteReceived", "context":{"id":"58f5c727-f46b-4de6-b05b-ad2157340c62", "isDeleted:":"true", "version":"1683128086292"}}
{"logTime": "0526/131329", "correlationVector":"3ETJzpYRZFXkwOCT+sNpU+.63","action":"GetUpdates", "result":"DeleteReceived", "context":{"id":"1e977644-5cad-44e0-8355-409f5953c365", "isDeleted:":"true", "version":"1683209834451"}}
{"logTime": "0526/131329", "correlationVector":"3ETJzpYRZFXkwOCT+sNpU+.64","action":"GetUpdates", "result":"DeleteReceived", "context":{"id":"72e8e1d7-7ed9-4d77-baa0-4efd208bf85a", "isDeleted:":"true", "version":"1683210075393"}}
{"logTime": "0526/131329", "correlationVector":"3ETJzpYRZFXkwOCT+sNpU+.65","action":"GetUpdates", "result":"DeleteReceived", "context":{"id":"8efc99a1-46fd-45a9-b4b2-03de8c97fb8d", "isDeleted:":"true", "version":"1683210416655"}}
{"logTime": "0526/131329", "correlationVector":"3ETJzpYRZFXkwOCT+sNpU+.66","action":"GetUpdates", "result":"DeleteReceived", "context":{"id":"4e3920d8-f1a3-49f6-9358-7377eb93ae12", "isDeleted:":"true", "version":"1683213237465"}}
{"logTime": "0526/131329", "correlationVector":"3ETJzpYRZFXkwOCT+sNpU+.67","action":"GetUpdates", "result":"DeleteReceived", "context":{"id":"33dad129-6e4d-430f-90c8-e8c0bdd00eb9", "isDeleted:":"true", "version":"1683381661106"}}
{"logTime": "0526/131329", "correlationVector":"3ETJzpYRZFXkwOCT+sNpU+.68","action":"GetUpdates", "result":"DeleteReceived", "context":{"id":"472b11e8-c1a5-41d9-8f55-7b2fdea232d5", "isDeleted:":"true", "version":"1683486314513"}}
{"logTime": "0526/131329", "correlationVector":"3ETJzpYRZFXkwOCT+sNpU+.69","action":"GetUpdates", "result":"DeleteReceived", "context":{"id":"05698f2e-a058-4d54-99ee-7b1d1231b9cf", "isDeleted:":"true", "version":"1684096987664"}}
{"logTime": "0526/131329", "correlationVector":"3ETJzpYRZFXkwOCT+sNpU+.70","action":"GetUpdates", "result":"DeleteReceived", "context":{"id":"381ca404-025d-4c91-aa52-dd64c9890d5b", "isDeleted:":"true", "version":"1684096987665"}}
{"logTime": "0526/131329", "correlationVector":"3ETJzpYRZFXkwOCT+sNpU+.71","action":"GetUpdates", "result":"DeleteReceived", "context":{"id":"806f74c6-4cc7-4973-b105-8bbf254e016f", "isDeleted:":"true", "version":"1684710049433"}}
{"logTime": "0526/131329", "correlationVector":"3ETJzpYRZFXkwOCT+sNpU+.72","action":"GetUpdates", "result":"DeleteReceived", "context":{"id":"ae40e845-1390-411c-b239-24f140a19446", "isDeleted:":"true", "version":"1684775918265"}}
{"logTime": "0526/131329", "correlationVector":"3ETJzpYRZFXkwOCT+sNpU+.73","action":"GetUpdates", "result":"DeleteReceived", "context":{"id":"087ce253-2d16-4508-9d9a-77fdc8661417", "isDeleted:":"true", "version":"1684776094776"}}
{"logTime": "0526/131329", "correlationVector":"3ETJzpYRZFXkwOCT+sNpU+.74","action":"GetUpdates", "result":"DeleteReceived", "context":{"id":"7257772a-d24c-4a6f-a6d6-2b33c1914df3", "isDeleted:":"true", "version":"1684776298279"}}
{"logTime": "0526/131329", "correlationVector":"3ETJzpYRZFXkwOCT+sNpU+.75","action":"GetUpdates", "result":"DeleteReceived", "context":{"id":"2d9165c7-7888-4152-ac8e-00f191bea4fc", "isDeleted:":"true", "version":"1684776503307"}}
{"logTime": "0526/131329", "correlationVector":"3ETJzpYRZFXkwOCT+sNpU+.76","action":"GetUpdates", "result":"DeleteReceived", "context":{"id":"00fe904e-25c2-4a4f-9717-89752dcabf98", "isDeleted:":"true", "version":"1684777031907"}}
{"logTime": "0526/131329", "correlationVector":"3ETJzpYRZFXkwOCT+sNpU+.77","action":"GetUpdates", "result":"DeleteReceived", "context":{"id":"947814a2-b356-4af6-992a-befd2612964b", "isDeleted:":"true", "version":"1684777264167"}}
{"logTime": "0526/131329", "correlationVector":"3ETJzpYRZFXkwOCT+sNpU+.78","action":"GetUpdates", "result":"DeleteReceived", "context":{"id":"d28b35e5-5740-451c-bc47-694368b46589", "isDeleted:":"true", "version":"1684777523413"}}
{"logTime": "0526/131329", "correlationVector":"3ETJzpYRZFXkwOCT+sNpU+.79","action":"GetUpdates", "result":"DeleteReceived", "context":{"id":"451635d5-e239-429a-ab6a-fc4b9ebfff0a", "isDeleted:":"true", "version":"1684777690927"}}
{"logTime": "0526/131329", "correlationVector":"3ETJzpYRZFXkwOCT+sNpU+.80","action":"GetUpdates", "result":"DeleteReceived", "context":{"id":"299d3431-5c5b-4be8-9bcc-cd7682661e95", "isDeleted:":"true", "version":"1684778430240"}}
{"logTime": "0526/131329", "correlationVector":"3ETJzpYRZFXkwOCT+sNpU+.81","action":"GetUpdates", "result":"DeleteReceived", "context":{"id":"d8049950-9b6e-4691-915c-3102094a7d9a", "isDeleted:":"true", "version":"1684783749285"}}
{"logTime": "0526/131329", "correlationVector":"3ETJzpYRZFXkwOCT+sNpU+.82","action":"GetUpdates", "result":"DeleteReceived", "context":{"id":"28d22033-69b4-47c4-9dcb-abad76d2cdd2", "isDeleted:":"true", "version":"1684785732952"}}
{"logTime": "0526/131329", "correlationVector":"3ETJzpYRZFXkwOCT+sNpU+.83","action":"GetUpdates", "result":"DeleteReceived", "context":{"id":"cc73c3cb-c815-40c4-8e92-029b46fae9af", "isDeleted:":"true", "version":"1685092611112"}}
{"logTime": "0526/131329", "correlationVector":"3ETJzpYRZFXkwOCT+sNpU+.84","action":"GetUpdates", "result":"DeleteReceived", "context":{"id":"a36888ff-325e-4763-9e3f-051b8126f07f", "isDeleted:":"true", "version":"1685093774071"}}
{"logTime": "0526/131329", "correlationVector":"3ETJzpYRZFXkwOCT+sNpU+.85","action":"GetUpdates", "result":"DeleteReceived", "context":{"id":"45ae9844-b624-41b7-bb3e-17622f124f22", "isDeleted:":"true", "version":"1685095174269"}}
{"logTime": "0526/131329", "correlationVector":"3ETJzpYRZFXkwOCT+sNpU+.86","action":"GetUpdates", "result":"DeleteReceived", "context":{"id":"79bcbc3a-9449-4621-91d6-0b17d0fce3f7", "isDeleted:":"true", "version":"1685095498138"}}
{"logTime": "0526/131329", "correlationVector":"3ETJzpYRZFXkwOCT+sNpU+.87","action":"GetUpdates", "result":"DeleteReceived", "context":{"id":"4a24cc83-c1bf-44e4-a7cd-28362e464834", "isDeleted:":"true", "version":"1685095719245"}}
{"logTime": "0526/131329", "correlationVector":"3ETJzpYRZFXkwOCT+sNpU+.88","action":"GetUpdates", "result":"DeleteReceived", "context":{"id":"ab1167cd-a81f-4961-9802-b9c8a09bfdd0", "isDeleted:":"true", "version":"1685096475031"}}
{"logTime": "0526/131329", "correlationVector":"3ETJzpYRZFXkwOCT+sNpU+.89","action":"GetUpdates", "result":"DeleteReceived", "context":{"id":"7b642c8f-1c68-4fe5-8d6b-b45d1ec28a77", "isDeleted:":"true", "version":"1685096847986"}}
{"logTime": "0526/131329", "correlationVector":"3ETJzpYRZFXkwOCT+sNpU+.90","action":"GetUpdates", "result":"DeleteReceived", "context":{"id":"815d0517-a1d5-4af3-ba9a-412518aad228", "isDeleted:":"true", "version":"1685097220805"}}
{"logTime": "0526/131329", "correlationVector":"3ETJzpYRZFXkwOCT+sNpU+.91","action":"GetUpdates", "result":"DeleteReceived", "context":{"id":"14c7336f-ddf2-4401-9098-9a60d25c43e9", "isDeleted:":"true", "version":"1685097857852"}}
{"logTime": "0526/131329", "correlationVector":"3ETJzpYRZFXkwOCT+sNpU+.92","action":"GetUpdates", "result":"DeleteReceived", "context":{"id":"1bf74b89-d7f3-4068-a97e-99a3cf6d4a3f", "isDeleted:":"true", "version":"1685104092651"}}
{"logTime": "0526/131329", "correlationVector":"3ETJzpYRZFXkwOCT+sNpU+.93","action":"GetUpdates", "result":"DeleteReceived", "context":{"id":"c3dc21fb-70d1-40ec-bbb5-c5b3a79b4e50", "isDeleted:":"true", "version":"1685104807278"}}
{"logTime": "0526/131329", "correlationVector":"3ETJzpYRZFXkwOCT+sNpU+.94","action":"GetUpdates", "result":"DeleteReceived", "context":{"id":"be95e226-326f-405a-91e3-5a6a2ff81933", "isDeleted:":"true", "version":"1685106776395"}}
{"logTime": "0526/131329", "correlationVector":"3ETJzpYRZFXkwOCT+sNpU+.95","action":"GetUpdates Response", "result":"SYNCER_OK", "context":Received 152 update(s). cV=3ETJzpYRZFXkwOCT+sNpU+.0;server=GENERAL0100000M;cloudType=Consumer;environment=Prod_WestEurope_000l;migrationStage=NotStarted}
{"logTime": "0526/131329", "correlationVector":"saQQ3slMAcFL4fAz0EN5hb","action":"Commit Request", "result":"", "context":Item count: 1
Contributing types: Sessions}
{"logTime": "0526/131330", "correlationVector":"saQQ3slMAcFL4fAz0EN5hb.1","action":"SyncServerConnectionManagerRequest", "result":"SYNC_SERVER_OK", "context":{"environment":"Prod_WestEurope_000l", "migrationStage":"NotStarted", "server":"GENERAL01000001"}}
{"logTime": "0526/131330", "correlationVector":"saQQ3slMAcFL4fAz0EN5hb.2","action":"Commit Response", "result":"SYNCER_OK", "context":Result: SYNCER_OK. cV=saQQ3slMAcFL4fAz0EN5hb.0;server=GENERAL01000001;cloudType=Consumer;environment=Prod_WestEurope_000l;migrationStage=NotStarted}
{"logTime": "0526/131707", "correlationVector":"zkUsMHloFjRpktuvHpIASk","action":"Commit Request", "result":"", "context":Item count: 1
Contributing types: Sessions}
{"logTime": "0526/131707", "correlationVector":"zkUsMHloFjRpktuvHpIASk.1","action":"SyncServerConnectionManagerRequest", "result":"SYNC_SERVER_OK", "context":{"environment":"Prod_NorthEurope_000h", "migrationStage":"NotStarted", "server":"GENERAL0100001W"}}
{"logTime": "0526/131707", "correlationVector":"zkUsMHloFjRpktuvHpIASk.2","action":"Commit Response", "result":"SYNCER_OK", "context":Result: SYNCER_OK. cV=zkUsMHloFjRpktuvHpIASk.0;server=GENERAL0100001W;cloudType=Consumer;environment=Prod_NorthEurope_000h;migrationStage=NotStarted}
{"logTime": "0526/131826", "correlationVector":"zbZ713JZO3iAxiIlQ2c4II","action":"Commit Request", "result":"", "context":Item count: 1
Contributing types: Sessions}
{"logTime": "0526/131826", "correlationVector":"zbZ713JZO3iAxiIlQ2c4II.1","action":"SyncServerConnectionManagerRequest", "result":"SYNC_SERVER_OK", "context":{"environment":"Prod_NorthEurope_000h", "migrationStage":"NotStarted", "server":"GENERAL01000024"}}
{"logTime": "0526/131826", "correlationVector":"zbZ713JZO3iAxiIlQ2c4II.2","action":"Commit Response", "result":"SYNCER_OK", "context":Result: SYNCER_OK. cV=zbZ713JZO3iAxiIlQ2c4II.0;server=GENERAL01000024;cloudType=Consumer;environment=Prod_NorthEurope_000h;migrationStage=NotStarted}
{"logTime": "0526/132058", "correlationVector":"5CY2w3kGjUhJs+TZMUVCB8","action":"Commit Request", "result":"", "context":Item count: 1
Contributing types: Sessions}
{"logTime": "0526/132059", "correlationVector":"5CY2w3kGjUhJs+TZMUVCB8.1","action":"SyncServerConnectionManagerRequest", "result":"SYNC_SERVER_OK", "context":{"environment":"Prod_WestEurope_000l", "migrationStage":"NotStarted", "server":"general0100000X"}}
{"logTime": "0526/132059", "correlationVector":"5CY2w3kGjUhJs+TZMUVCB8.2","action":"Commit Response", "result":"SYNCER_OK", "context":Result: SYNCER_OK. cV=5CY2w3kGjUhJs+TZMUVCB8.0;server=general0100000X;cloudType=Consumer;environment=Prod_WestEurope_000l;migrationStage=NotStarted}
{"logTime": "0526/132140", "correlationVector":"8R7RVlTHv+GI9z8TILPEbv","action":"Commit Request", "result":"", "context":Item count: 1
Contributing types: Sessions}
{"logTime": "0526/132140", "correlationVector":"8R7RVlTHv+GI9z8TILPEbv.1","action":"SyncServerConnectionManagerRequest", "result":"SYNC_SERVER_OK", "context":{"environment":"Prod_WestEurope_000l", "migrationStage":"NotStarted", "server":"GENERAL0100000W"}}
{"logTime": "0526/132140", "correlationVector":"8R7RVlTHv+GI9z8TILPEbv.2","action":"Commit Response", "result":"SYNCER_OK", "context":Result: SYNCER_OK. cV=8R7RVlTHv+GI9z8TILPEbv.0;server=GENERAL0100000W;cloudType=Consumer;environment=Prod_WestEurope_000l;migrationStage=NotStarted}
{"logTime": "0526/132458", "correlationVector":"/tZu2a7v0fcKcyR12QvfNV","action":"Commit Request", "result":"", "context":Item count: 1
Contributing types: Sessions}
{"logTime": "0526/132459", "correlationVector":"/tZu2a7v0fcKcyR12QvfNV.1","action":"SyncServerConnectionManagerRequest", "result":"SYNC_SERVER_OK", "context":{"environment":"Prod_WestEurope_000l", "migrationStage":"NotStarted", "server":"GENERAL0100000B"}}
{"logTime": "0526/132459", "correlationVector":"/tZu2a7v0fcKcyR12QvfNV.2","action":"Commit Response", "result":"SYNCER_OK", "context":Result: SYNCER_OK. cV=/tZu2a7v0fcKcyR12QvfNV.0;server=GENERAL0100000B;cloudType=Consumer;environment=Prod_WestEurope_000l;migrationStage=NotStarted}
{"logTime": "0526/132716", "correlationVector":"YWF4pdumEP2Fc5kCXKVYgK","action":"Commit Request", "result":"", "context":Item count: 1
Contributing types: Sessions}
{"logTime": "0526/132717", "correlationVector":"YWF4pdumEP2Fc5kCXKVYgK.1","action":"SyncServerConnectionManagerRequest", "result":"SYNC_SERVER_OK", "context":{"environment":"Prod_WestEurope_000l", "migrationStage":"NotStarted", "server":"GENERAL0100000Z"}}
{"logTime": "0526/132717", "correlationVector":"YWF4pdumEP2Fc5kCXKVYgK.2","action":"Commit Response", "result":"SYNCER_OK", "context":Result: SYNCER_OK. cV=YWF4pdumEP2Fc5kCXKVYgK.0;server=GENERAL0100000Z;cloudType=Consumer;environment=Prod_WestEurope_000l;migrationStage=NotStarted}
{"logTime": "0526/132851", "correlationVector":"GRT3v3kfRVeCxwKDesywKe","action":"Commit Request", "result":"", "context":Item count: 1
Contributing types: Sessions}
{"logTime": "0526/132851", "correlationVector":"GRT3v3kfRVeCxwKDesywKe.1","action":"SyncServerConnectionManagerRequest", "result":"SYNC_SERVER_OK", "context":{"environment":"Prod_WestEurope_000l", "migrationStage":"NotStarted", "server":"GENERAL01000020"}}
{"logTime": "0526/132851", "correlationVector":"GRT3v3kfRVeCxwKDesywKe.2","action":"Commit Response", "result":"SYNCER_OK", "context":Result: SYNCER_OK. cV=GRT3v3kfRVeCxwKDesywKe.0;server=GENERAL01000020;cloudType=Consumer;environment=Prod_WestEurope_000l;migrationStage=NotStarted}
{"logTime": "0526/132926", "correlationVector":"rLFMQoq9PLhamix6NJwuSN","action":"Commit Request", "result":"", "context":Item count: 1
Contributing types: Sessions}
{"logTime": "0526/132926", "correlationVector":"rLFMQoq9PLhamix6NJwuSN.1","action":"SyncServerConnectionManagerRequest", "result":"SYNC_SERVER_OK", "context":{"environment":"Prod_WestEurope_000l", "migrationStage":"NotStarted", "server":"GENERAL0100000L"}}
{"logTime": "0526/132926", "correlationVector":"rLFMQoq9PLhamix6NJwuSN.2","action":"Commit Response", "result":"SYNCER_OK", "context":Result: SYNCER_OK. cV=rLFMQoq9PLhamix6NJwuSN.0;server=GENERAL0100000L;cloudType=Consumer;environment=Prod_WestEurope_000l;migrationStage=NotStarted}
{"logTime": "0526/133014", "correlationVector":"2/ydRNb7cLeYX7cQQf3u/A","action":"Commit Request", "result":"", "context":Item count: 1
Contributing types: Sessions}
{"logTime": "0526/133014", "correlationVector":"2/ydRNb7cLeYX7cQQf3u/A.1","action":"SyncServerConnectionManagerRequest", "result":"SYNC_SERVER_OK", "context":{"environment":"Prod_NorthEurope_000h", "migrationStage":"NotStarted", "server":"GENERAL0100001K"}}
{"logTime": "0526/133014", "correlationVector":"2/ydRNb7cLeYX7cQQf3u/A.2","action":"Commit Response", "result":"SYNCER_OK", "context":Result: SYNCER_OK. cV=2/ydRNb7cLeYX7cQQf3u/A.0;server=GENERAL0100001K;cloudType=Consumer;environment=Prod_NorthEurope_000h;migrationStage=NotStarted}
